CRITICAL - 2022-10-03 00:31:17 --> Undefined variable: totalPertahun
#0 D:\PrejectCi4\dari sahrul\datamikro.diskominfo.go.id\app\Views\frontend\profil\index\2\2.php(37): CodeIgniter\Debug\Exceptions->errorHandler(8, 'Undefined varia...', 'D:\\PrejectCi4\\d...', 37, Array)
#1 D:\PrejectCi4\dari sahrul\datamikro.diskominfo.go.id\system\View\View.php(210): include('D:\\PrejectCi4\\d...')
#2 D:\PrejectCi4\dari sahrul\datamikro.diskominfo.go.id\system\View\View.php(213): CodeIgniter\View\View->CodeIgniter\View\{closure}()
#3 D:\PrejectCi4\dari sahrul\datamikro.diskominfo.go.id\system\Common.php(1089): CodeIgniter\View\View->render('frontend/profil...', Array, true)
#4 D:\PrejectCi4\dari sahrul\datamikro.diskominfo.go.id\app\Controllers\Profil.php(70): view('frontend/profil...')
#5 D:\PrejectCi4\dari sahrul\datamikro.diskominfo.go.id\system\CodeIgniter.php(832): App\Controllers\Profil->profil4()
#6 D:\PrejectCi4\dari sahrul\datamikro.diskominfo.go.id\system\CodeIgniter.php(419): CodeIgniter\CodeIgniter->runController(Object(App\Controllers\Profil))
#7 D:\PrejectCi4\dari sahrul\datamikro.diskominfo.go.id\system\CodeIgniter.php(326): CodeIgniter\CodeIgniter->handleRequest(NULL, Object(Config\Cache), false)
#8 D:\PrejectCi4\dari sahrul\datamikro.diskominfo.go.id\public\index.php(37): CodeIgniter\CodeIgniter->run()
#9 D:\PrejectCi4\dari sahrul\datamikro.diskominfo.go.id\system\Commands\Server\rewrite.php(43): require_once('D:\\PrejectCi4\\d...')
#10 {main}
CRITICAL - 2022-10-03 00:32:10 --> Undefined variable: pinogaluman
#0 D:\PrejectCi4\dari sahrul\datamikro.diskominfo.go.id\app\Views\frontend\profil\index\2\3.php(74): CodeIgniter\Debug\Exceptions->errorHandler(8, 'Undefined varia...', 'D:\\PrejectCi4\\d...', 74, Array)
#1 D:\PrejectCi4\dari sahrul\datamikro.diskominfo.go.id\system\View\View.php(210): include('D:\\PrejectCi4\\d...')
#2 D:\PrejectCi4\dari sahrul\datamikro.diskominfo.go.id\system\View\View.php(213): CodeIgniter\View\View->CodeIgniter\View\{closure}()
#3 D:\PrejectCi4\dari sahrul\datamikro.diskominfo.go.id\system\Common.php(1089): CodeIgniter\View\View->render('frontend/profil...', Array, true)
#4 D:\PrejectCi4\dari sahrul\datamikro.diskominfo.go.id\app\Controllers\Profil.php(84): view('frontend/profil...')
#5 D:\PrejectCi4\dari sahrul\datamikro.diskominfo.go.id\system\CodeIgniter.php(832): App\Controllers\Profil->profil5()
#6 D:\PrejectCi4\dari sahrul\datamikro.diskominfo.go.id\system\CodeIgniter.php(419): CodeIgniter\CodeIgniter->runController(Object(App\Controllers\Profil))
#7 D:\PrejectCi4\dari sahrul\datamikro.diskominfo.go.id\system\CodeIgniter.php(326): CodeIgniter\CodeIgniter->handleRequest(NULL, Object(Config\Cache), false)
#8 D:\PrejectCi4\dari sahrul\datamikro.diskominfo.go.id\public\index.php(37): CodeIgniter\CodeIgniter->run()
#9 D:\PrejectCi4\dari sahrul\datamikro.diskominfo.go.id\system\Commands\Server\rewrite.php(43): require_once('D:\\PrejectCi4\\d...')
#10 {main}
CRITICAL - 2022-10-03 01:13:39 --> Undefined variable: total
#0 D:\PrejectCi4\dari sahrul\datamikro.diskominfo.go.id\app\Views\frontend\profil\index\2\4.php(59): CodeIgniter\Debug\Exceptions->errorHandler(8, 'Undefined varia...', 'D:\\PrejectCi4\\d...', 59, Array)
#1 D:\PrejectCi4\dari sahrul\datamikro.diskominfo.go.id\system\View\View.php(210): include('D:\\PrejectCi4\\d...')
#2 D:\PrejectCi4\dari sahrul\datamikro.diskominfo.go.id\system\View\View.php(213): CodeIgniter\View\View->CodeIgniter\View\{closure}()
#3 D:\PrejectCi4\dari sahrul\datamikro.diskominfo.go.id\system\Common.php(1089): CodeIgniter\View\View->render('frontend/profil...', Array, true)
#4 D:\PrejectCi4\dari sahrul\datamikro.diskominfo.go.id\app\Controllers\Profil.php(98): view('frontend/profil...', Array)
#5 D:\PrejectCi4\dari sahrul\datamikro.diskominfo.go.id\system\CodeIgniter.php(832): App\Controllers\Profil->profil6()
#6 D:\PrejectCi4\dari sahrul\datamikro.diskominfo.go.id\system\CodeIgniter.php(419): CodeIgniter\CodeIgniter->runController(Object(App\Controllers\Profil))
#7 D:\PrejectCi4\dari sahrul\datamikro.diskominfo.go.id\system\CodeIgniter.php(326): CodeIgniter\CodeIgniter->handleRequest(NULL, Object(Config\Cache), false)
#8 D:\PrejectCi4\dari sahrul\datamikro.diskominfo.go.id\public\index.php(37): CodeIgniter\CodeIgniter->run()
#9 D:\PrejectCi4\dari sahrul\datamikro.diskominfo.go.id\system\Commands\Server\rewrite.php(43): require_once('D:\\PrejectCi4\\d...')
#10 {main}
CRITICAL - 2022-10-03 01:24:12 --> Undefined variable: pinogaluman
#0 D:\PrejectCi4\dari sahrul\datamikro.diskominfo.go.id\app\Views\frontend\profil\index\2\6.php(70): CodeIgniter\Debug\Exceptions->errorHandler(8, 'Undefined varia...', 'D:\\PrejectCi4\\d...', 70, Array)
#1 D:\PrejectCi4\dari sahrul\datamikro.diskominfo.go.id\system\View\View.php(210): include('D:\\PrejectCi4\\d...')
#2 D:\PrejectCi4\dari sahrul\datamikro.diskominfo.go.id\system\View\View.php(213): CodeIgniter\View\View->CodeIgniter\View\{closure}()
#3 D:\PrejectCi4\dari sahrul\datamikro.diskominfo.go.id\system\Common.php(1089): CodeIgniter\View\View->render('frontend/profil...', Array, true)
#4 D:\PrejectCi4\dari sahrul\datamikro.diskominfo.go.id\app\Controllers\Profil.php(117): view('frontend/profil...')
#5 D:\PrejectCi4\dari sahrul\datamikro.diskominfo.go.id\system\CodeIgniter.php(832): App\Controllers\Profil->profil8()
#6 D:\PrejectCi4\dari sahrul\datamikro.diskominfo.go.id\system\CodeIgniter.php(419): CodeIgniter\CodeIgniter->runController(Object(App\Controllers\Profil))
#7 D:\PrejectCi4\dari sahrul\datamikro.diskominfo.go.id\system\CodeIgniter.php(326): CodeIgniter\CodeIgniter->handleRequest(NULL, Object(Config\Cache), false)
#8 D:\PrejectCi4\dari sahrul\datamikro.diskominfo.go.id\public\index.php(37): CodeIgniter\CodeIgniter->run()
#9 D:\PrejectCi4\dari sahrul\datamikro.diskominfo.go.id\system\Commands\Server\rewrite.php(43): require_once('D:\\PrejectCi4\\d...')
#10 {main}
CRITICAL - 2022-10-03 01:31:52 --> Undefined variable: total
#0 D:\PrejectCi4\dari sahrul\datamikro.diskominfo.go.id\app\Views\frontend\profil\index\2\6.php(237): CodeIgniter\Debug\Exceptions->errorHandler(8, 'Undefined varia...', 'D:\\PrejectCi4\\d...', 237, Array)
#1 D:\PrejectCi4\dari sahrul\datamikro.diskominfo.go.id\system\View\View.php(210): include('D:\\PrejectCi4\\d...')
#2 D:\PrejectCi4\dari sahrul\datamikro.diskominfo.go.id\system\View\View.php(213): CodeIgniter\View\View->CodeIgniter\View\{closure}()
#3 D:\PrejectCi4\dari sahrul\datamikro.diskominfo.go.id\system\Common.php(1089): CodeIgniter\View\View->render('frontend/profil...', Array, true)
#4 D:\PrejectCi4\dari sahrul\datamikro.diskominfo.go.id\app\Controllers\Profil.php(126): view('frontend/profil...', Array)
#5 D:\PrejectCi4\dari sahrul\datamikro.diskominfo.go.id\system\CodeIgniter.php(832): App\Controllers\Profil->profil8()
#6 D:\PrejectCi4\dari sahrul\datamikro.diskominfo.go.id\system\CodeIgniter.php(419): CodeIgniter\CodeIgniter->runController(Object(App\Controllers\Profil))
#7 D:\PrejectCi4\dari sahrul\datamikro.diskominfo.go.id\system\CodeIgniter.php(326): CodeIgniter\CodeIgniter->handleRequest(NULL, Object(Config\Cache), false)
#8 D:\PrejectCi4\dari sahrul\datamikro.diskominfo.go.id\public\index.php(37): CodeIgniter\CodeIgniter->run()
#9 D:\PrejectCi4\dari sahrul\datamikro.diskominfo.go.id\system\Commands\Server\rewrite.php(43): require_once('D:\\PrejectCi4\\d...')
#10 {main}
CRITICAL - 2022-10-03 01:33:48 --> Undefined variable: total
#0 D:\PrejectCi4\dari sahrul\datamikro.diskominfo.go.id\app\Views\frontend\profil\index\2\6.php(237): CodeIgniter\Debug\Exceptions->errorHandler(8, 'Undefined varia...', 'D:\\PrejectCi4\\d...', 237, Array)
#1 D:\PrejectCi4\dari sahrul\datamikro.diskominfo.go.id\system\View\View.php(210): include('D:\\PrejectCi4\\d...')
#2 D:\PrejectCi4\dari sahrul\datamikro.diskominfo.go.id\system\View\View.php(213): CodeIgniter\View\View->CodeIgniter\View\{closure}()
#3 D:\PrejectCi4\dari sahrul\datamikro.diskominfo.go.id\system\Common.php(1089): CodeIgniter\View\View->render('frontend/profil...', Array, true)
#4 D:\PrejectCi4\dari sahrul\datamikro.diskominfo.go.id\app\Controllers\Profil.php(127): view('frontend/profil...', Array)
#5 D:\PrejectCi4\dari sahrul\datamikro.diskominfo.go.id\system\CodeIgniter.php(832): App\Controllers\Profil->profil8()
#6 D:\PrejectCi4\dari sahrul\datamikro.diskominfo.go.id\system\CodeIgniter.php(419): CodeIgniter\CodeIgniter->runController(Object(App\Controllers\Profil))
#7 D:\PrejectCi4\dari sahrul\datamikro.diskominfo.go.id\system\CodeIgniter.php(326): CodeIgniter\CodeIgniter->handleRequest(NULL, Object(Config\Cache), false)
#8 D:\PrejectCi4\dari sahrul\datamikro.diskominfo.go.id\public\index.php(37): CodeIgniter\CodeIgniter->run()
#9 D:\PrejectCi4\dari sahrul\datamikro.diskominfo.go.id\system\Commands\Server\rewrite.php(43): require_once('D:\\PrejectCi4\\d...')
#10 {main}
CRITICAL - 2022-10-03 01:47:25 --> Undefined index: total_kia
#0 D:\PrejectCi4\dari sahrul\datamikro.diskominfo.go.id\app\Views\frontend\profil\index\2\4.php(162): CodeIgniter\Debug\Exceptions->errorHandler(8, 'Undefined index...', 'D:\\PrejectCi4\\d...', 162, Array)
#1 D:\PrejectCi4\dari sahrul\datamikro.diskominfo.go.id\system\View\View.php(210): include('D:\\PrejectCi4\\d...')
#2 D:\PrejectCi4\dari sahrul\datamikro.diskominfo.go.id\system\View\View.php(213): CodeIgniter\View\View->CodeIgniter\View\{closure}()
#3 D:\PrejectCi4\dari sahrul\datamikro.diskominfo.go.id\system\Common.php(1089): CodeIgniter\View\View->render('frontend/profil...', Array, true)
#4 D:\PrejectCi4\dari sahrul\datamikro.diskominfo.go.id\app\Controllers\Profil.php(98): view('frontend/profil...', Array)
#5 D:\PrejectCi4\dari sahrul\datamikro.diskominfo.go.id\system\CodeIgniter.php(832): App\Controllers\Profil->profil6()
#6 D:\PrejectCi4\dari sahrul\datamikro.diskominfo.go.id\system\CodeIgniter.php(419): CodeIgniter\CodeIgniter->runController(Object(App\Controllers\Profil))
#7 D:\PrejectCi4\dari sahrul\datamikro.diskominfo.go.id\system\CodeIgniter.php(326): CodeIgniter\CodeIgniter->handleRequest(NULL, Object(Config\Cache), false)
#8 D:\PrejectCi4\dari sahrul\datamikro.diskominfo.go.id\public\index.php(37): CodeIgniter\CodeIgniter->run()
#9 D:\PrejectCi4\dari sahrul\datamikro.diskominfo.go.id\system\Commands\Server\rewrite.php(43): require_once('D:\\PrejectCi4\\d...')
#10 {main}
CRITICAL - 2022-10-03 01:48:37 --> Undefined index: total_kia
#0 D:\PrejectCi4\dari sahrul\datamikro.diskominfo.go.id\app\Views\frontend\profil\index\2\4.php(162): CodeIgniter\Debug\Exceptions->errorHandler(8, 'Undefined index...', 'D:\\PrejectCi4\\d...', 162, Array)
#1 D:\PrejectCi4\dari sahrul\datamikro.diskominfo.go.id\system\View\View.php(210): include('D:\\PrejectCi4\\d...')
#2 D:\PrejectCi4\dari sahrul\datamikro.diskominfo.go.id\system\View\View.php(213): CodeIgniter\View\View->CodeIgniter\View\{closure}()
#3 D:\PrejectCi4\dari sahrul\datamikro.diskominfo.go.id\system\Common.php(1089): CodeIgniter\View\View->render('frontend/profil...', Array, true)
#4 D:\PrejectCi4\dari sahrul\datamikro.diskominfo.go.id\app\Controllers\Profil.php(98): view('frontend/profil...', Array)
#5 D:\PrejectCi4\dari sahrul\datamikro.diskominfo.go.id\system\CodeIgniter.php(832): App\Controllers\Profil->profil6()
#6 D:\PrejectCi4\dari sahrul\datamikro.diskominfo.go.id\system\CodeIgniter.php(419): CodeIgniter\CodeIgniter->runController(Object(App\Controllers\Profil))
#7 D:\PrejectCi4\dari sahrul\datamikro.diskominfo.go.id\system\CodeIgniter.php(326): CodeIgniter\CodeIgniter->handleRequest(NULL, Object(Config\Cache), false)
#8 D:\PrejectCi4\dari sahrul\datamikro.diskominfo.go.id\public\index.php(37): CodeIgniter\CodeIgniter->run()
#9 D:\PrejectCi4\dari sahrul\datamikro.diskominfo.go.id\system\Commands\Server\rewrite.php(43): require_once('D:\\PrejectCi4\\d...')
#10 {main}
CRITICAL - 2022-10-03 01:48:42 --> Undefined index: total_kk
#0 D:\PrejectCi4\dari sahrul\datamikro.diskominfo.go.id\app\Views\frontend\profil\index\2\3.php(71): CodeIgniter\Debug\Exceptions->errorHandler(8, 'Undefined index...', 'D:\\PrejectCi4\\d...', 71, Array)
#1 D:\PrejectCi4\dari sahrul\datamikro.diskominfo.go.id\system\View\View.php(210): include('D:\\PrejectCi4\\d...')
#2 D:\PrejectCi4\dari sahrul\datamikro.diskominfo.go.id\system\View\View.php(213): CodeIgniter\View\View->CodeIgniter\View\{closure}()
#3 D:\PrejectCi4\dari sahrul\datamikro.diskominfo.go.id\system\Common.php(1089): CodeIgniter\View\View->render('frontend/profil...', Array, true)
#4 D:\PrejectCi4\dari sahrul\datamikro.diskominfo.go.id\app\Controllers\Profil.php(84): view('frontend/profil...', Array)
#5 D:\PrejectCi4\dari sahrul\datamikro.diskominfo.go.id\system\CodeIgniter.php(832): App\Controllers\Profil->profil5()
#6 D:\PrejectCi4\dari sahrul\datamikro.diskominfo.go.id\system\CodeIgniter.php(419): CodeIgniter\CodeIgniter->runController(Object(App\Controllers\Profil))
#7 D:\PrejectCi4\dari sahrul\datamikro.diskominfo.go.id\system\CodeIgniter.php(326): CodeIgniter\CodeIgniter->handleRequest(NULL, Object(Config\Cache), false)
#8 D:\PrejectCi4\dari sahrul\datamikro.diskominfo.go.id\public\index.php(37): CodeIgniter\CodeIgniter->run()
#9 D:\PrejectCi4\dari sahrul\datamikro.diskominfo.go.id\system\Commands\Server\rewrite.php(43): require_once('D:\\PrejectCi4\\d...')
#10 {main}
CRITICAL - 2022-10-03 20:52:39 --> Undefined index: total_kk
#0 D:\PrejectCi4\dari sahrul\datamikro.diskominfo.go.id\app\Views\frontend\profil\index\2\3.php(71): CodeIgniter\Debug\Exceptions->errorHandler(8, 'Undefined index...', 'D:\\PrejectCi4\\d...', 71, Array)
#1 D:\PrejectCi4\dari sahrul\datamikro.diskominfo.go.id\system\View\View.php(210): include('D:\\PrejectCi4\\d...')
#2 D:\PrejectCi4\dari sahrul\datamikro.diskominfo.go.id\system\View\View.php(213): CodeIgniter\View\View->CodeIgniter\View\{closure}()
#3 D:\PrejectCi4\dari sahrul\datamikro.diskominfo.go.id\system\Common.php(1089): CodeIgniter\View\View->render('frontend/profil...', Array, true)
#4 D:\PrejectCi4\dari sahrul\datamikro.diskominfo.go.id\app\Controllers\Profil.php(84): view('frontend/profil...', Array)
#5 D:\PrejectCi4\dari sahrul\datamikro.diskominfo.go.id\system\CodeIgniter.php(832): App\Controllers\Profil->profil5()
#6 D:\PrejectCi4\dari sahrul\datamikro.diskominfo.go.id\system\CodeIgniter.php(419): CodeIgniter\CodeIgniter->runController(Object(App\Controllers\Profil))
#7 D:\PrejectCi4\dari sahrul\datamikro.diskominfo.go.id\system\CodeIgniter.php(326): CodeIgniter\CodeIgniter->handleRequest(NULL, Object(Config\Cache), false)
#8 D:\PrejectCi4\dari sahrul\datamikro.diskominfo.go.id\public\index.php(37): CodeIgniter\CodeIgniter->run()
#9 D:\PrejectCi4\dari sahrul\datamikro.diskominfo.go.id\system\Commands\Server\rewrite.php(43): require_once('D:\\PrejectCi4\\d...')
#10 {main}
CRITICAL - 2022-10-03 21:54:21 --> Undefined index: total_kia
#0 D:\PrejectCi4\dari sahrul\datamikro.diskominfo.go.id\app\Views\frontend\profil\index\2\4.php(162): CodeIgniter\Debug\Exceptions->errorHandler(8, 'Undefined index...', 'D:\\PrejectCi4\\d...', 162, Array)
#1 D:\PrejectCi4\dari sahrul\datamikro.diskominfo.go.id\system\View\View.php(210): include('D:\\PrejectCi4\\d...')
#2 D:\PrejectCi4\dari sahrul\datamikro.diskominfo.go.id\system\View\View.php(213): CodeIgniter\View\View->CodeIgniter\View\{closure}()
#3 D:\PrejectCi4\dari sahrul\datamikro.diskominfo.go.id\system\Common.php(1089): CodeIgniter\View\View->render('frontend/profil...', Array, true)
#4 D:\PrejectCi4\dari sahrul\datamikro.diskominfo.go.id\app\Controllers\Profil.php(98): view('frontend/profil...', Array)
#5 D:\PrejectCi4\dari sahrul\datamikro.diskominfo.go.id\system\CodeIgniter.php(832): App\Controllers\Profil->profil6()
#6 D:\PrejectCi4\dari sahrul\datamikro.diskominfo.go.id\system\CodeIgniter.php(419): CodeIgniter\CodeIgniter->runController(Object(App\Controllers\Profil))
#7 D:\PrejectCi4\dari sahrul\datamikro.diskominfo.go.id\system\CodeIgniter.php(326): CodeIgniter\CodeIgniter->handleRequest(NULL, Object(Config\Cache), false)
#8 D:\PrejectCi4\dari sahrul\datamikro.diskominfo.go.id\public\index.php(37): CodeIgniter\CodeIgniter->run()
#9 D:\PrejectCi4\dari sahrul\datamikro.diskominfo.go.id\system\Commands\Server\rewrite.php(43): require_once('D:\\PrejectCi4\\d...')
#10 {main}
CRITICAL - 2022-10-03 21:56:49 --> Undefined index: total_e_ktp
#0 D:\PrejectCi4\dari sahrul\datamikro.diskominfo.go.id\app\Views\frontend\profil\index\2\4.php(251): CodeIgniter\Debug\Exceptions->errorHandler(8, 'Undefined index...', 'D:\\PrejectCi4\\d...', 251, Array)
#1 D:\PrejectCi4\dari sahrul\datamikro.diskominfo.go.id\system\View\View.php(210): include('D:\\PrejectCi4\\d...')
#2 D:\PrejectCi4\dari sahrul\datamikro.diskominfo.go.id\system\View\View.php(213): CodeIgniter\View\View->CodeIgniter\View\{closure}()
#3 D:\PrejectCi4\dari sahrul\datamikro.diskominfo.go.id\system\Common.php(1089): CodeIgniter\View\View->render('frontend/profil...', Array, true)
#4 D:\PrejectCi4\dari sahrul\datamikro.diskominfo.go.id\app\Controllers\Profil.php(98): view('frontend/profil...', Array)
#5 D:\PrejectCi4\dari sahrul\datamikro.diskominfo.go.id\system\CodeIgniter.php(832): App\Controllers\Profil->profil6()
#6 D:\PrejectCi4\dari sahrul\datamikro.diskominfo.go.id\system\CodeIgniter.php(419): CodeIgniter\CodeIgniter->runController(Object(App\Controllers\Profil))
#7 D:\PrejectCi4\dari sahrul\datamikro.diskominfo.go.id\system\CodeIgniter.php(326): CodeIgniter\CodeIgniter->handleRequest(NULL, Object(Config\Cache), false)
#8 D:\PrejectCi4\dari sahrul\datamikro.diskominfo.go.id\public\index.php(37): CodeIgniter\CodeIgniter->run()
#9 D:\PrejectCi4\dari sahrul\datamikro.diskominfo.go.id\system\Commands\Server\rewrite.php(43): require_once('D:\\PrejectCi4\\d...')
#10 {main}
