CRITICAL - 2022-09-30 22:37:27 --> Trying to access array offset on value of type null
#0 D:\PrejectCi4\dari sahrul\datamikro.diskominfo.go.id\app\Controllers\Profil.php(47): CodeIgniter\Debug\Exceptions->errorHandler(8, 'Trying to acces...', 'D:\\PrejectCi4\\d...', 47, Array)
#1 D:\PrejectCi4\dari sahrul\datamikro.diskominfo.go.id\system\CodeIgniter.php(832): App\Controllers\Profil->profil3()
#2 D:\PrejectCi4\dari sahrul\datamikro.diskominfo.go.id\system\CodeIgniter.php(419): CodeIgniter\CodeIgniter->runController(Object(App\Controllers\Profil))
#3 D:\PrejectCi4\dari sahrul\datamikro.diskominfo.go.id\system\CodeIgniter.php(326): CodeIgniter\CodeIgniter->handleRequest(NULL, Object(Config\Cache), false)
#4 D:\PrejectCi4\dari sahrul\datamikro.diskominfo.go.id\public\index.php(37): CodeIgniter\CodeIgniter->run()
#5 D:\PrejectCi4\dari sahrul\datamikro.diskominfo.go.id\system\Commands\Server\rewrite.php(43): require_once('D:\\PrejectCi4\\d...')
#6 {main}
CRITICAL - 2022-09-30 23:04:14 --> Invalid file: front_end/profil/print/2/1.php
#0 D:\PrejectCi4\dari sahrul\datamikro.diskominfo.go.id\system\View\View.php(198): CodeIgniter\Exceptions\FrameworkException::forInvalidFile('front_end/profi...')
#1 D:\PrejectCi4\dari sahrul\datamikro.diskominfo.go.id\system\Common.php(1089): CodeIgniter\View\View->render('front_end/profi...', Array, true)
#2 D:\PrejectCi4\dari sahrul\datamikro.diskominfo.go.id\app\Controllers\Cetak.php(21): view('front_end/profi...')
#3 D:\PrejectCi4\dari sahrul\datamikro.diskominfo.go.id\system\CodeIgniter.php(832): App\Controllers\Cetak->cetak3()
#4 D:\PrejectCi4\dari sahrul\datamikro.diskominfo.go.id\system\CodeIgniter.php(419): CodeIgniter\CodeIgniter->runController(Object(App\Controllers\Cetak))
#5 D:\PrejectCi4\dari sahrul\datamikro.diskominfo.go.id\system\CodeIgniter.php(326): CodeIgniter\CodeIgniter->handleRequest(NULL, Object(Config\Cache), false)
#6 D:\PrejectCi4\dari sahrul\datamikro.diskominfo.go.id\public\index.php(37): CodeIgniter\CodeIgniter->run()
#7 D:\PrejectCi4\dari sahrul\datamikro.diskominfo.go.id\system\Commands\Server\rewrite.php(43): require_once('D:\\PrejectCi4\\d...')
#8 {main}
CRITICAL - 2022-09-30 17:48:03 --> Undefined variable: bitauna
#0 C:\xampp\htdocs\datamikro.diskominfo.go.id\app\Views\frontend\profil\index\2\2.php(124): CodeIgniter\Debug\Exceptions->errorHandler(8, 'Undefined varia...', 'C:\\xampp\\htdocs...', 124, Array)
#1 C:\xampp\htdocs\datamikro.diskominfo.go.id\system\View\View.php(210): include('C:\\xampp\\htdocs...')
#2 C:\xampp\htdocs\datamikro.diskominfo.go.id\system\View\View.php(213): CodeIgniter\View\View->CodeIgniter\View\{closure}()
#3 C:\xampp\htdocs\datamikro.diskominfo.go.id\system\Common.php(1089): CodeIgniter\View\View->render('frontend/profil...', Array, true)
#4 C:\xampp\htdocs\datamikro.diskominfo.go.id\app\Controllers\Profil.php(70): view('frontend/profil...', Array)
#5 C:\xampp\htdocs\datamikro.diskominfo.go.id\system\CodeIgniter.php(832): App\Controllers\Profil->profil4()
#6 C:\xampp\htdocs\datamikro.diskominfo.go.id\system\CodeIgniter.php(419): CodeIgniter\CodeIgniter->runController(Object(App\Controllers\Profil))
#7 C:\xampp\htdocs\datamikro.diskominfo.go.id\system\CodeIgniter.php(326): CodeIgniter\CodeIgniter->handleRequest(NULL, Object(Config\Cache), false)
#8 C:\xampp\htdocs\datamikro.diskominfo.go.id\public\index.php(37): CodeIgniter\CodeIgniter->run()
#9 C:\xampp\htdocs\datamikro.diskominfo.go.id\system\Commands\Server\rewrite.php(43): require_once('C:\\xampp\\htdocs...')
#10 {main}
