CRITICAL - 2022-07-18 00:00:55 --> Invalid file: front_end/profil/index/header.php
#0 D:\PrejectCi4\datamikro.diskominfo.go.id\system\View\View.php(198): CodeIgniter\Exceptions\FrameworkException::forInvalidFile('front_end/profi...')
#1 D:\PrejectCi4\datamikro.diskominfo.go.id\system\Common.php(1089): CodeIgniter\View\View->render('front_end/profi...', Array, true)
#2 D:\PrejectCi4\datamikro.diskominfo.go.id\app\Controllers\Profil.php(29): view('front_end/profi...')
#3 D:\PrejectCi4\datamikro.diskominfo.go.id\system\CodeIgniter.php(832): App\Controllers\Profil->profil1()
#4 D:\PrejectCi4\datamikro.diskominfo.go.id\system\CodeIgniter.php(419): CodeIgniter\CodeIgniter->runController(Object(App\Controllers\Profil))
#5 D:\PrejectCi4\datamikro.diskominfo.go.id\system\CodeIgniter.php(326): CodeIgniter\CodeIgniter->handleRequest(NULL, Object(Config\Cache), false)
#6 D:\PrejectCi4\datamikro.diskominfo.go.id\public\index.php(37): CodeIgniter\CodeIgniter->run()
#7 D:\PrejectCi4\datamikro.diskominfo.go.id\system\Commands\Server\rewrite.php(43): require_once('D:\\PrejectCi4\\d...')
#8 {main}
CRITICAL - 2022-07-18 00:02:12 --> Invalid file: front_end/profil/index/header.php
#0 D:\PrejectCi4\datamikro.diskominfo.go.id\system\View\View.php(198): CodeIgniter\Exceptions\FrameworkException::forInvalidFile('front_end/profi...')
#1 D:\PrejectCi4\datamikro.diskominfo.go.id\system\Common.php(1089): CodeIgniter\View\View->render('front_end/profi...', Array, true)
#2 D:\PrejectCi4\datamikro.diskominfo.go.id\app\Controllers\Profil.php(29): view('front_end/profi...')
#3 D:\PrejectCi4\datamikro.diskominfo.go.id\system\CodeIgniter.php(832): App\Controllers\Profil->profil1()
#4 D:\PrejectCi4\datamikro.diskominfo.go.id\system\CodeIgniter.php(419): CodeIgniter\CodeIgniter->runController(Object(App\Controllers\Profil))
#5 D:\PrejectCi4\datamikro.diskominfo.go.id\system\CodeIgniter.php(326): CodeIgniter\CodeIgniter->handleRequest(NULL, Object(Config\Cache), false)
#6 D:\PrejectCi4\datamikro.diskominfo.go.id\public\index.php(37): CodeIgniter\CodeIgniter->run()
#7 D:\PrejectCi4\datamikro.diskominfo.go.id\system\Commands\Server\rewrite.php(43): require_once('D:\\PrejectCi4\\d...')
#8 {main}
CRITICAL - 2022-07-18 00:02:22 --> Invalid file: front_end/profil/index/header.php
#0 D:\PrejectCi4\datamikro.diskominfo.go.id\system\View\View.php(198): CodeIgniter\Exceptions\FrameworkException::forInvalidFile('front_end/profi...')
#1 D:\PrejectCi4\datamikro.diskominfo.go.id\system\Common.php(1089): CodeIgniter\View\View->render('front_end/profi...', Array, true)
#2 D:\PrejectCi4\datamikro.diskominfo.go.id\app\Controllers\Profil.php(29): view('front_end/profi...')
#3 D:\PrejectCi4\datamikro.diskominfo.go.id\system\CodeIgniter.php(832): App\Controllers\Profil->profil1()
#4 D:\PrejectCi4\datamikro.diskominfo.go.id\system\CodeIgniter.php(419): CodeIgniter\CodeIgniter->runController(Object(App\Controllers\Profil))
#5 D:\PrejectCi4\datamikro.diskominfo.go.id\system\CodeIgniter.php(326): CodeIgniter\CodeIgniter->handleRequest(NULL, Object(Config\Cache), false)
#6 D:\PrejectCi4\datamikro.diskominfo.go.id\public\index.php(37): CodeIgniter\CodeIgniter->run()
#7 D:\PrejectCi4\datamikro.diskominfo.go.id\system\Commands\Server\rewrite.php(43): require_once('D:\\PrejectCi4\\d...')
#8 {main}
CRITICAL - 2022-07-18 00:22:32 --> Invalid file: front_end/profil/index/header.php
#0 D:\PrejectCi4\datamikro.diskominfo.go.id\system\View\View.php(198): CodeIgniter\Exceptions\FrameworkException::forInvalidFile('front_end/profi...')
#1 D:\PrejectCi4\datamikro.diskominfo.go.id\system\Common.php(1089): CodeIgniter\View\View->render('front_end/profi...', Array, true)
#2 D:\PrejectCi4\datamikro.diskominfo.go.id\app\Controllers\Profil.php(29): view('front_end/profi...')
#3 D:\PrejectCi4\datamikro.diskominfo.go.id\system\CodeIgniter.php(832): App\Controllers\Profil->profil1()
#4 D:\PrejectCi4\datamikro.diskominfo.go.id\system\CodeIgniter.php(419): CodeIgniter\CodeIgniter->runController(Object(App\Controllers\Profil))
#5 D:\PrejectCi4\datamikro.diskominfo.go.id\system\CodeIgniter.php(326): CodeIgniter\CodeIgniter->handleRequest(NULL, Object(Config\Cache), false)
#6 D:\PrejectCi4\datamikro.diskominfo.go.id\public\index.php(37): CodeIgniter\CodeIgniter->run()
#7 D:\PrejectCi4\datamikro.diskominfo.go.id\system\Commands\Server\rewrite.php(43): require_once('D:\\PrejectCi4\\d...')
#8 {main}
CRITICAL - 2022-07-18 00:29:11 --> Invalid file: frontend/profill/index/menu.php
#0 D:\PrejectCi4\datamikro.diskominfo.go.id\system\View\View.php(198): CodeIgniter\Exceptions\FrameworkException::forInvalidFile('frontend/profil...')
#1 D:\PrejectCi4\datamikro.diskominfo.go.id\system\Common.php(1089): CodeIgniter\View\View->render('frontend/profil...', Array, true)
#2 D:\PrejectCi4\datamikro.diskominfo.go.id\app\Controllers\Profil.php(10): view('frontend/profil...')
#3 D:\PrejectCi4\datamikro.diskominfo.go.id\system\CodeIgniter.php(832): App\Controllers\Profil->index()
#4 D:\PrejectCi4\datamikro.diskominfo.go.id\system\CodeIgniter.php(419): CodeIgniter\CodeIgniter->runController(Object(App\Controllers\Profil))
#5 D:\PrejectCi4\datamikro.diskominfo.go.id\system\CodeIgniter.php(326): CodeIgniter\CodeIgniter->handleRequest(NULL, Object(Config\Cache), false)
#6 D:\PrejectCi4\datamikro.diskominfo.go.id\public\index.php(37): CodeIgniter\CodeIgniter->run()
#7 D:\PrejectCi4\datamikro.diskominfo.go.id\system\Commands\Server\rewrite.php(43): require_once('D:\\PrejectCi4\\d...')
#8 {main}
CRITICAL - 2022-07-18 02:23:37 --> Invalid file: frontend/menu.php
#0 D:\PrejectCi4\datamikro.diskominfo.go.id\system\View\View.php(198): CodeIgniter\Exceptions\FrameworkException::forInvalidFile('frontend/menu.p...')
#1 D:\PrejectCi4\datamikro.diskominfo.go.id\system\Common.php(1089): CodeIgniter\View\View->render('frontend/menu', Array, true)
#2 D:\PrejectCi4\datamikro.diskominfo.go.id\app\Controllers\Profil.php(21): view('frontend/menu')
#3 D:\PrejectCi4\datamikro.diskominfo.go.id\system\CodeIgniter.php(832): App\Controllers\Profil->profil_02()
#4 D:\PrejectCi4\datamikro.diskominfo.go.id\system\CodeIgniter.php(419): CodeIgniter\CodeIgniter->runController(Object(App\Controllers\Profil))
#5 D:\PrejectCi4\datamikro.diskominfo.go.id\system\CodeIgniter.php(326): CodeIgniter\CodeIgniter->handleRequest(NULL, Object(Config\Cache), false)
#6 D:\PrejectCi4\datamikro.diskominfo.go.id\public\index.php(37): CodeIgniter\CodeIgniter->run()
#7 D:\PrejectCi4\datamikro.diskominfo.go.id\system\Commands\Server\rewrite.php(43): require_once('D:\\PrejectCi4\\d...')
#8 {main}
