CRITICAL - 2022-07-19 21:52:39 --> Invalid file: front_end/profil/index/header.php
#0 D:\PrejectCi4\datamikro.diskominfo.go.id\system\View\View.php(198): CodeIgniter\Exceptions\FrameworkException::forInvalidFile('front_end/profi...')
#1 D:\PrejectCi4\datamikro.diskominfo.go.id\system\Common.php(1089): CodeIgniter\View\View->render('front_end/profi...', Array, true)
#2 D:\PrejectCi4\datamikro.diskominfo.go.id\app\Controllers\Profil.php(9): view('front_end/profi...')
#3 D:\PrejectCi4\datamikro.diskominfo.go.id\system\CodeIgniter.php(832): App\Controllers\Profil->index()
#4 D:\PrejectCi4\datamikro.diskominfo.go.id\system\CodeIgniter.php(419): CodeIgniter\CodeIgniter->runController(Object(App\Controllers\Profil))
#5 D:\PrejectCi4\datamikro.diskominfo.go.id\system\CodeIgniter.php(326): CodeIgniter\CodeIgniter->handleRequest(NULL, Object(Config\Cache), false)
#6 D:\PrejectCi4\datamikro.diskominfo.go.id\public\index.php(37): CodeIgniter\CodeIgniter->run()
#7 D:\PrejectCi4\datamikro.diskominfo.go.id\system\Commands\Server\rewrite.php(43): require_once('D:\\PrejectCi4\\d...')
#8 {main}
CRITICAL - 2022-07-19 22:03:17 --> Invalid file: front_end/profil/index/header.php
#0 D:\PrejectCi4\datamikro.diskominfo.go.id\system\View\View.php(198): CodeIgniter\Exceptions\FrameworkException::forInvalidFile('front_end/profi...')
#1 D:\PrejectCi4\datamikro.diskominfo.go.id\system\Common.php(1089): CodeIgniter\View\View->render('front_end/profi...', Array, true)
#2 D:\PrejectCi4\datamikro.diskominfo.go.id\app\Controllers\Profil.php(35): view('front_end/profi...')
#3 D:\PrejectCi4\datamikro.diskominfo.go.id\system\CodeIgniter.php(832): App\Controllers\Profil->profil2()
#4 D:\PrejectCi4\datamikro.diskominfo.go.id\system\CodeIgniter.php(419): CodeIgniter\CodeIgniter->runController(Object(App\Controllers\Profil))
#5 D:\PrejectCi4\datamikro.diskominfo.go.id\system\CodeIgniter.php(326): CodeIgniter\CodeIgniter->handleRequest(NULL, Object(Config\Cache), false)
#6 D:\PrejectCi4\datamikro.diskominfo.go.id\public\index.php(37): CodeIgniter\CodeIgniter->run()
#7 D:\PrejectCi4\datamikro.diskominfo.go.id\system\Commands\Server\rewrite.php(43): require_once('D:\\PrejectCi4\\d...')
#8 {main}
CRITICAL - 2022-07-19 22:03:21 --> Invalid file: front_end/profil/index/header.php
#0 D:\PrejectCi4\datamikro.diskominfo.go.id\system\View\View.php(198): CodeIgniter\Exceptions\FrameworkException::forInvalidFile('front_end/profi...')
#1 D:\PrejectCi4\datamikro.diskominfo.go.id\system\Common.php(1089): CodeIgniter\View\View->render('front_end/profi...', Array, true)
#2 D:\PrejectCi4\datamikro.diskominfo.go.id\app\Controllers\Profil.php(35): view('front_end/profi...')
#3 D:\PrejectCi4\datamikro.diskominfo.go.id\system\CodeIgniter.php(832): App\Controllers\Profil->profil2()
#4 D:\PrejectCi4\datamikro.diskominfo.go.id\system\CodeIgniter.php(419): CodeIgniter\CodeIgniter->runController(Object(App\Controllers\Profil))
#5 D:\PrejectCi4\datamikro.diskominfo.go.id\system\CodeIgniter.php(326): CodeIgniter\CodeIgniter->handleRequest(NULL, Object(Config\Cache), false)
#6 D:\PrejectCi4\datamikro.diskominfo.go.id\public\index.php(37): CodeIgniter\CodeIgniter->run()
#7 D:\PrejectCi4\datamikro.diskominfo.go.id\system\Commands\Server\rewrite.php(43): require_once('D:\\PrejectCi4\\d...')
#8 {main}
CRITICAL - 2022-07-19 22:04:59 --> Invalid file: front_end/profil/index/header.php
#0 D:\PrejectCi4\datamikro.diskominfo.go.id\system\View\View.php(198): CodeIgniter\Exceptions\FrameworkException::forInvalidFile('front_end/profi...')
#1 D:\PrejectCi4\datamikro.diskominfo.go.id\system\Common.php(1089): CodeIgniter\View\View->render('front_end/profi...', Array, true)
#2 D:\PrejectCi4\datamikro.diskominfo.go.id\app\Controllers\Profil.php(30): view('front_end/profi...')
#3 D:\PrejectCi4\datamikro.diskominfo.go.id\system\CodeIgniter.php(832): App\Controllers\Profil->profil1()
#4 D:\PrejectCi4\datamikro.diskominfo.go.id\system\CodeIgniter.php(419): CodeIgniter\CodeIgniter->runController(Object(App\Controllers\Profil))
#5 D:\PrejectCi4\datamikro.diskominfo.go.id\system\CodeIgniter.php(326): CodeIgniter\CodeIgniter->handleRequest(NULL, Object(Config\Cache), false)
#6 D:\PrejectCi4\datamikro.diskominfo.go.id\public\index.php(37): CodeIgniter\CodeIgniter->run()
#7 D:\PrejectCi4\datamikro.diskominfo.go.id\system\Commands\Server\rewrite.php(43): require_once('D:\\PrejectCi4\\d...')
#8 {main}
