CRITICAL - 2022-08-02 23:55:43 --> Invalid file: front_end/profil/print/1/2.php
#0 D:\PrejectCi4\datamikro.diskominfo.go.id\system\View\View.php(198): CodeIgniter\Exceptions\FrameworkException::forInvalidFile('front_end/profi...')
#1 D:\PrejectCi4\datamikro.diskominfo.go.id\system\Common.php(1089): CodeIgniter\View\View->render('front_end/profi...', Array, true)
#2 D:\PrejectCi4\datamikro.diskominfo.go.id\app\Controllers\Cetak.php(17): view('front_end/profi...')
#3 D:\PrejectCi4\datamikro.diskominfo.go.id\system\CodeIgniter.php(832): App\Controllers\Cetak->cetak2()
#4 D:\PrejectCi4\datamikro.diskominfo.go.id\system\CodeIgniter.php(419): CodeIgniter\CodeIgniter->runController(Object(App\Controllers\Cetak))
#5 D:\PrejectCi4\datamikro.diskominfo.go.id\system\CodeIgniter.php(326): CodeIgniter\CodeIgniter->handleRequest(NULL, Object(Config\Cache), false)
#6 D:\PrejectCi4\datamikro.diskominfo.go.id\public\index.php(37): CodeIgniter\CodeIgniter->run()
#7 D:\PrejectCi4\datamikro.diskominfo.go.id\system\Commands\Server\rewrite.php(43): require_once('D:\\PrejectCi4\\d...')
#8 {main}
CRITICAL - 2022-08-02 23:55:50 --> Invalid file: front_end/profil/print/1/1.php
#0 D:\PrejectCi4\datamikro.diskominfo.go.id\system\View\View.php(198): CodeIgniter\Exceptions\FrameworkException::forInvalidFile('front_end/profi...')
#1 D:\PrejectCi4\datamikro.diskominfo.go.id\system\Common.php(1089): CodeIgniter\View\View->render('front_end/profi...', Array, true)
#2 D:\PrejectCi4\datamikro.diskominfo.go.id\app\Controllers\Cetak.php(13): view('front_end/profi...')
#3 D:\PrejectCi4\datamikro.diskominfo.go.id\system\CodeIgniter.php(832): App\Controllers\Cetak->cetak1()
#4 D:\PrejectCi4\datamikro.diskominfo.go.id\system\CodeIgniter.php(419): CodeIgniter\CodeIgniter->runController(Object(App\Controllers\Cetak))
#5 D:\PrejectCi4\datamikro.diskominfo.go.id\system\CodeIgniter.php(326): CodeIgniter\CodeIgniter->handleRequest(NULL, Object(Config\Cache), false)
#6 D:\PrejectCi4\datamikro.diskominfo.go.id\public\index.php(37): CodeIgniter\CodeIgniter->run()
#7 D:\PrejectCi4\datamikro.diskominfo.go.id\system\Commands\Server\rewrite.php(43): require_once('D:\\PrejectCi4\\d...')
#8 {main}
CRITICAL - 2022-08-02 23:56:50 --> Invalid file: front_end/profil/print/1/1.php
#0 D:\PrejectCi4\datamikro.diskominfo.go.id\system\View\View.php(198): CodeIgniter\Exceptions\FrameworkException::forInvalidFile('front_end/profi...')
#1 D:\PrejectCi4\datamikro.diskominfo.go.id\system\Common.php(1089): CodeIgniter\View\View->render('front_end/profi...', Array, true)
#2 D:\PrejectCi4\datamikro.diskominfo.go.id\app\Controllers\Cetak.php(13): view('front_end/profi...')
#3 D:\PrejectCi4\datamikro.diskominfo.go.id\system\CodeIgniter.php(832): App\Controllers\Cetak->cetak1()
#4 D:\PrejectCi4\datamikro.diskominfo.go.id\system\CodeIgniter.php(419): CodeIgniter\CodeIgniter->runController(Object(App\Controllers\Cetak))
#5 D:\PrejectCi4\datamikro.diskominfo.go.id\system\CodeIgniter.php(326): CodeIgniter\CodeIgniter->handleRequest(NULL, Object(Config\Cache), false)
#6 D:\PrejectCi4\datamikro.diskominfo.go.id\public\index.php(37): CodeIgniter\CodeIgniter->run()
#7 D:\PrejectCi4\datamikro.diskominfo.go.id\system\Commands\Server\rewrite.php(43): require_once('D:\\PrejectCi4\\d...')
#8 {main}
CRITICAL - 2022-08-02 23:58:00 --> Invalid file: front_end/profil.php
#0 D:\PrejectCi4\datamikro.diskominfo.go.id\system\View\View.php(198): CodeIgniter\Exceptions\FrameworkException::forInvalidFile('front_end/profi...')
#1 D:\PrejectCi4\datamikro.diskominfo.go.id\system\Common.php(1089): CodeIgniter\View\View->render('front_end/profi...', Array, true)
#2 D:\PrejectCi4\datamikro.diskominfo.go.id\app\Controllers\Cetak.php(9): view('front_end/profi...')
#3 D:\PrejectCi4\datamikro.diskominfo.go.id\system\CodeIgniter.php(832): App\Controllers\Cetak->index()
#4 D:\PrejectCi4\datamikro.diskominfo.go.id\system\CodeIgniter.php(419): CodeIgniter\CodeIgniter->runController(Object(App\Controllers\Cetak))
#5 D:\PrejectCi4\datamikro.diskominfo.go.id\system\CodeIgniter.php(326): CodeIgniter\CodeIgniter->handleRequest(NULL, Object(Config\Cache), false)
#6 D:\PrejectCi4\datamikro.diskominfo.go.id\public\index.php(37): CodeIgniter\CodeIgniter->run()
#7 D:\PrejectCi4\datamikro.diskominfo.go.id\system\Commands\Server\rewrite.php(43): require_once('D:\\PrejectCi4\\d...')
#8 {main}
CRITICAL - 2022-08-02 23:59:32 --> Invalid file: front_end/profil/print/1/1.php
#0 D:\PrejectCi4\datamikro.diskominfo.go.id\system\View\View.php(198): CodeIgniter\Exceptions\FrameworkException::forInvalidFile('front_end/profi...')
#1 D:\PrejectCi4\datamikro.diskominfo.go.id\system\Common.php(1089): CodeIgniter\View\View->render('front_end/profi...', Array, true)
#2 D:\PrejectCi4\datamikro.diskominfo.go.id\app\Controllers\Cetak.php(13): view('front_end/profi...')
#3 D:\PrejectCi4\datamikro.diskominfo.go.id\system\CodeIgniter.php(832): App\Controllers\Cetak->cetak1()
#4 D:\PrejectCi4\datamikro.diskominfo.go.id\system\CodeIgniter.php(419): CodeIgniter\CodeIgniter->runController(Object(App\Controllers\Cetak))
#5 D:\PrejectCi4\datamikro.diskominfo.go.id\system\CodeIgniter.php(326): CodeIgniter\CodeIgniter->handleRequest(NULL, Object(Config\Cache), false)
#6 D:\PrejectCi4\datamikro.diskominfo.go.id\public\index.php(37): CodeIgniter\CodeIgniter->run()
#7 D:\PrejectCi4\datamikro.diskominfo.go.id\system\Commands\Server\rewrite.php(43): require_once('D:\\PrejectCi4\\d...')
#8 {main}
CRITICAL - 2022-08-02 23:59:46 --> Invalid file: front_end/profil/print/1/2.php
#0 D:\PrejectCi4\datamikro.diskominfo.go.id\system\View\View.php(198): CodeIgniter\Exceptions\FrameworkException::forInvalidFile('front_end/profi...')
#1 D:\PrejectCi4\datamikro.diskominfo.go.id\system\Common.php(1089): CodeIgniter\View\View->render('front_end/profi...', Array, true)
#2 D:\PrejectCi4\datamikro.diskominfo.go.id\app\Controllers\Cetak.php(17): view('front_end/profi...')
#3 D:\PrejectCi4\datamikro.diskominfo.go.id\system\CodeIgniter.php(832): App\Controllers\Cetak->cetak2()
#4 D:\PrejectCi4\datamikro.diskominfo.go.id\system\CodeIgniter.php(419): CodeIgniter\CodeIgniter->runController(Object(App\Controllers\Cetak))
#5 D:\PrejectCi4\datamikro.diskominfo.go.id\system\CodeIgniter.php(326): CodeIgniter\CodeIgniter->handleRequest(NULL, Object(Config\Cache), false)
#6 D:\PrejectCi4\datamikro.diskominfo.go.id\public\index.php(37): CodeIgniter\CodeIgniter->run()
#7 D:\PrejectCi4\datamikro.diskominfo.go.id\system\Commands\Server\rewrite.php(43): require_once('D:\\PrejectCi4\\d...')
#8 {main}
CRITICAL - 2022-08-02 23:59:57 --> Invalid file: front_end/profil/print/2/1.php
#0 D:\PrejectCi4\datamikro.diskominfo.go.id\system\View\View.php(198): CodeIgniter\Exceptions\FrameworkException::forInvalidFile('front_end/profi...')
#1 D:\PrejectCi4\datamikro.diskominfo.go.id\system\Common.php(1089): CodeIgniter\View\View->render('front_end/profi...', Array, true)
#2 D:\PrejectCi4\datamikro.diskominfo.go.id\app\Controllers\Cetak.php(21): view('front_end/profi...')
#3 D:\PrejectCi4\datamikro.diskominfo.go.id\system\CodeIgniter.php(832): App\Controllers\Cetak->cetak3()
#4 D:\PrejectCi4\datamikro.diskominfo.go.id\system\CodeIgniter.php(419): CodeIgniter\CodeIgniter->runController(Object(App\Controllers\Cetak))
#5 D:\PrejectCi4\datamikro.diskominfo.go.id\system\CodeIgniter.php(326): CodeIgniter\CodeIgniter->handleRequest(NULL, Object(Config\Cache), false)
#6 D:\PrejectCi4\datamikro.diskominfo.go.id\public\index.php(37): CodeIgniter\CodeIgniter->run()
#7 D:\PrejectCi4\datamikro.diskominfo.go.id\system\Commands\Server\rewrite.php(43): require_once('D:\\PrejectCi4\\d...')
#8 {main}
