CRITICAL - 2023-12-20 23:11:10 --> Unclosed '{' on line 48
#0 C:\xampp\htdocs\datamikro.diskominfo.go.id\system\View\View.php(213): CodeIgniter\View\View->CodeIgniter\View\{closure}()
#1 C:\xampp\htdocs\datamikro.diskominfo.go.id\system\Common.php(1089): CodeIgniter\View\View->render('frontend/profil...', Array, true)
#2 C:\xampp\htdocs\datamikro.diskominfo.go.id\app\Controllers\Profil.php(56): view('frontend/profil...')
#3 C:\xampp\htdocs\datamikro.diskominfo.go.id\system\CodeIgniter.php(832): App\Controllers\Profil->profil3()
#4 C:\xampp\htdocs\datamikro.diskominfo.go.id\system\CodeIgniter.php(419): CodeIgniter\CodeIgniter->runController(Object(App\Controllers\Profil))
#5 C:\xampp\htdocs\datamikro.diskominfo.go.id\system\CodeIgniter.php(326): CodeIgniter\CodeIgniter->handleRequest(NULL, Object(Config\Cache), false)
#6 C:\xampp\htdocs\datamikro.diskominfo.go.id\public\index.php(37): CodeIgniter\CodeIgniter->run()
#7 C:\xampp\htdocs\datamikro.diskominfo.go.id\system\Commands\Server\rewrite.php(43): require_once('C:\\xampp\\htdocs...')
#8 {main}
CRITICAL - 2023-12-20 23:13:17 --> Unclosed '{' on line 48
#0 C:\xampp\htdocs\datamikro.diskominfo.go.id\system\View\View.php(213): CodeIgniter\View\View->CodeIgniter\View\{closure}()
#1 C:\xampp\htdocs\datamikro.diskominfo.go.id\system\Common.php(1089): CodeIgniter\View\View->render('frontend/profil...', Array, true)
#2 C:\xampp\htdocs\datamikro.diskominfo.go.id\app\Controllers\Profil.php(56): view('frontend/profil...')
#3 C:\xampp\htdocs\datamikro.diskominfo.go.id\system\CodeIgniter.php(832): App\Controllers\Profil->profil3()
#4 C:\xampp\htdocs\datamikro.diskominfo.go.id\system\CodeIgniter.php(419): CodeIgniter\CodeIgniter->runController(Object(App\Controllers\Profil))
#5 C:\xampp\htdocs\datamikro.diskominfo.go.id\system\CodeIgniter.php(326): CodeIgniter\CodeIgniter->handleRequest(NULL, Object(Config\Cache), false)
#6 C:\xampp\htdocs\datamikro.diskominfo.go.id\public\index.php(37): CodeIgniter\CodeIgniter->run()
#7 C:\xampp\htdocs\datamikro.diskominfo.go.id\system\Commands\Server\rewrite.php(43): require_once('C:\\xampp\\htdocs...')
#8 {main}
CRITICAL - 2023-12-20 23:18:02 --> Invalid file: front_end/profil/print/2/1.php
#0 C:\xampp\htdocs\datamikro.diskominfo.go.id\system\View\View.php(198): CodeIgniter\Exceptions\FrameworkException::forInvalidFile('front_end/profi...')
#1 C:\xampp\htdocs\datamikro.diskominfo.go.id\system\Common.php(1089): CodeIgniter\View\View->render('front_end/profi...', Array, true)
#2 C:\xampp\htdocs\datamikro.diskominfo.go.id\app\Controllers\Cetak.php(21): view('front_end/profi...')
#3 C:\xampp\htdocs\datamikro.diskominfo.go.id\system\CodeIgniter.php(832): App\Controllers\Cetak->cetak3()
#4 C:\xampp\htdocs\datamikro.diskominfo.go.id\system\CodeIgniter.php(419): CodeIgniter\CodeIgniter->runController(Object(App\Controllers\Cetak))
#5 C:\xampp\htdocs\datamikro.diskominfo.go.id\system\CodeIgniter.php(326): CodeIgniter\CodeIgniter->handleRequest(NULL, Object(Config\Cache), false)
#6 C:\xampp\htdocs\datamikro.diskominfo.go.id\public\index.php(37): CodeIgniter\CodeIgniter->run()
#7 C:\xampp\htdocs\datamikro.diskominfo.go.id\system\Commands\Server\rewrite.php(43): require_once('C:\\xampp\\htdocs...')
#8 {main}
CRITICAL - 2023-12-20 23:18:43 --> Invalid file: front_end/profil/print/2/1.php
#0 C:\xampp\htdocs\datamikro.diskominfo.go.id\system\View\View.php(198): CodeIgniter\Exceptions\FrameworkException::forInvalidFile('front_end/profi...')
#1 C:\xampp\htdocs\datamikro.diskominfo.go.id\system\Common.php(1089): CodeIgniter\View\View->render('front_end/profi...', Array, true)
#2 C:\xampp\htdocs\datamikro.diskominfo.go.id\app\Controllers\Cetak.php(21): view('front_end/profi...')
#3 C:\xampp\htdocs\datamikro.diskominfo.go.id\system\CodeIgniter.php(832): App\Controllers\Cetak->cetak3()
#4 C:\xampp\htdocs\datamikro.diskominfo.go.id\system\CodeIgniter.php(419): CodeIgniter\CodeIgniter->runController(Object(App\Controllers\Cetak))
#5 C:\xampp\htdocs\datamikro.diskominfo.go.id\system\CodeIgniter.php(326): CodeIgniter\CodeIgniter->handleRequest(NULL, Object(Config\Cache), false)
#6 C:\xampp\htdocs\datamikro.diskominfo.go.id\public\index.php(37): CodeIgniter\CodeIgniter->run()
#7 C:\xampp\htdocs\datamikro.diskominfo.go.id\system\Commands\Server\rewrite.php(43): require_once('C:\\xampp\\htdocs...')
#8 {main}
CRITICAL - 2023-12-20 23:18:54 --> Invalid file: front_end/profil/print/1/1.php
#0 C:\xampp\htdocs\datamikro.diskominfo.go.id\system\View\View.php(198): CodeIgniter\Exceptions\FrameworkException::forInvalidFile('front_end/profi...')
#1 C:\xampp\htdocs\datamikro.diskominfo.go.id\system\Common.php(1089): CodeIgniter\View\View->render('front_end/profi...', Array, true)
#2 C:\xampp\htdocs\datamikro.diskominfo.go.id\app\Controllers\Cetak.php(13): view('front_end/profi...')
#3 C:\xampp\htdocs\datamikro.diskominfo.go.id\system\CodeIgniter.php(832): App\Controllers\Cetak->cetak1()
#4 C:\xampp\htdocs\datamikro.diskominfo.go.id\system\CodeIgniter.php(419): CodeIgniter\CodeIgniter->runController(Object(App\Controllers\Cetak))
#5 C:\xampp\htdocs\datamikro.diskominfo.go.id\system\CodeIgniter.php(326): CodeIgniter\CodeIgniter->handleRequest(NULL, Object(Config\Cache), false)
#6 C:\xampp\htdocs\datamikro.diskominfo.go.id\public\index.php(37): CodeIgniter\CodeIgniter->run()
#7 C:\xampp\htdocs\datamikro.diskominfo.go.id\system\Commands\Server\rewrite.php(43): require_once('C:\\xampp\\htdocs...')
#8 {main}
CRITICAL - 2023-12-20 23:19:07 --> Invalid file: front_end/profil/print/6/1.php
#0 C:\xampp\htdocs\datamikro.diskominfo.go.id\system\View\View.php(198): CodeIgniter\Exceptions\FrameworkException::forInvalidFile('front_end/profi...')
#1 C:\xampp\htdocs\datamikro.diskominfo.go.id\system\Common.php(1089): CodeIgniter\View\View->render('front_end/profi...', Array, true)
#2 C:\xampp\htdocs\datamikro.diskominfo.go.id\app\Controllers\Cetak.php(129): view('front_end/profi...')
#3 C:\xampp\htdocs\datamikro.diskominfo.go.id\system\CodeIgniter.php(832): App\Controllers\Cetak->cetak29()
#4 C:\xampp\htdocs\datamikro.diskominfo.go.id\system\CodeIgniter.php(419): CodeIgniter\CodeIgniter->runController(Object(App\Controllers\Cetak))
#5 C:\xampp\htdocs\datamikro.diskominfo.go.id\system\CodeIgniter.php(326): CodeIgniter\CodeIgniter->handleRequest(NULL, Object(Config\Cache), false)
#6 C:\xampp\htdocs\datamikro.diskominfo.go.id\public\index.php(37): CodeIgniter\CodeIgniter->run()
#7 C:\xampp\htdocs\datamikro.diskominfo.go.id\system\Commands\Server\rewrite.php(43): require_once('C:\\xampp\\htdocs...')
#8 {main}
