CRITICAL - 2022-10-04 00:19:57 --> Undefined index: ktp
#0 D:\PrejectCi4\dari sahrul\datamikro.diskominfo.go.id\app\Views\frontend\profil\index\2\4.php(251): CodeIgniter\Debug\Exceptions->errorHandler(8, 'Undefined index...', 'D:\\PrejectCi4\\d...', 251, Array)
#1 D:\PrejectCi4\dari sahrul\datamikro.diskominfo.go.id\system\View\View.php(210): include('D:\\PrejectCi4\\d...')
#2 D:\PrejectCi4\dari sahrul\datamikro.diskominfo.go.id\system\View\View.php(213): CodeIgniter\View\View->CodeIgniter\View\{closure}()
#3 D:\PrejectCi4\dari sahrul\datamikro.diskominfo.go.id\system\Common.php(1089): CodeIgniter\View\View->render('frontend/profil...', Array, true)
#4 D:\PrejectCi4\dari sahrul\datamikro.diskominfo.go.id\app\Controllers\Profil.php(98): view('frontend/profil...', Array)
#5 D:\PrejectCi4\dari sahrul\datamikro.diskominfo.go.id\system\CodeIgniter.php(832): App\Controllers\Profil->profil6()
#6 D:\PrejectCi4\dari sahrul\datamikro.diskominfo.go.id\system\CodeIgniter.php(419): CodeIgniter\CodeIgniter->runController(Object(App\Controllers\Profil))
#7 D:\PrejectCi4\dari sahrul\datamikro.diskominfo.go.id\system\CodeIgniter.php(326): CodeIgniter\CodeIgniter->handleRequest(NULL, Object(Config\Cache), false)
#8 D:\PrejectCi4\dari sahrul\datamikro.diskominfo.go.id\public\index.php(37): CodeIgniter\CodeIgniter->run()
#9 D:\PrejectCi4\dari sahrul\datamikro.diskominfo.go.id\system\Commands\Server\rewrite.php(43): require_once('D:\\PrejectCi4\\d...')
#10 {main}
CRITICAL - 2022-10-04 00:20:39 --> Undefined index: ktp
#0 D:\PrejectCi4\dari sahrul\datamikro.diskominfo.go.id\app\Views\frontend\profil\index\2\4.php(262): CodeIgniter\Debug\Exceptions->errorHandler(8, 'Undefined index...', 'D:\\PrejectCi4\\d...', 262, Array)
#1 D:\PrejectCi4\dari sahrul\datamikro.diskominfo.go.id\system\View\View.php(210): include('D:\\PrejectCi4\\d...')
#2 D:\PrejectCi4\dari sahrul\datamikro.diskominfo.go.id\system\View\View.php(213): CodeIgniter\View\View->CodeIgniter\View\{closure}()
#3 D:\PrejectCi4\dari sahrul\datamikro.diskominfo.go.id\system\Common.php(1089): CodeIgniter\View\View->render('frontend/profil...', Array, true)
#4 D:\PrejectCi4\dari sahrul\datamikro.diskominfo.go.id\app\Controllers\Profil.php(98): view('frontend/profil...', Array)
#5 D:\PrejectCi4\dari sahrul\datamikro.diskominfo.go.id\system\CodeIgniter.php(832): App\Controllers\Profil->profil6()
#6 D:\PrejectCi4\dari sahrul\datamikro.diskominfo.go.id\system\CodeIgniter.php(419): CodeIgniter\CodeIgniter->runController(Object(App\Controllers\Profil))
#7 D:\PrejectCi4\dari sahrul\datamikro.diskominfo.go.id\system\CodeIgniter.php(326): CodeIgniter\CodeIgniter->handleRequest(NULL, Object(Config\Cache), false)
#8 D:\PrejectCi4\dari sahrul\datamikro.diskominfo.go.id\public\index.php(37): CodeIgniter\CodeIgniter->run()
#9 D:\PrejectCi4\dari sahrul\datamikro.diskominfo.go.id\system\Commands\Server\rewrite.php(43): require_once('D:\\PrejectCi4\\d...')
#10 {main}
CRITICAL - 2022-10-04 00:21:18 --> Undefined index: ktp
#0 D:\PrejectCi4\dari sahrul\datamikro.diskominfo.go.id\app\Views\frontend\profil\index\2\4.php(372): CodeIgniter\Debug\Exceptions->errorHandler(8, 'Undefined index...', 'D:\\PrejectCi4\\d...', 372, Array)
#1 D:\PrejectCi4\dari sahrul\datamikro.diskominfo.go.id\system\View\View.php(210): include('D:\\PrejectCi4\\d...')
#2 D:\PrejectCi4\dari sahrul\datamikro.diskominfo.go.id\system\View\View.php(213): CodeIgniter\View\View->CodeIgniter\View\{closure}()
#3 D:\PrejectCi4\dari sahrul\datamikro.diskominfo.go.id\system\Common.php(1089): CodeIgniter\View\View->render('frontend/profil...', Array, true)
#4 D:\PrejectCi4\dari sahrul\datamikro.diskominfo.go.id\app\Controllers\Profil.php(98): view('frontend/profil...', Array)
#5 D:\PrejectCi4\dari sahrul\datamikro.diskominfo.go.id\system\CodeIgniter.php(832): App\Controllers\Profil->profil6()
#6 D:\PrejectCi4\dari sahrul\datamikro.diskominfo.go.id\system\CodeIgniter.php(419): CodeIgniter\CodeIgniter->runController(Object(App\Controllers\Profil))
#7 D:\PrejectCi4\dari sahrul\datamikro.diskominfo.go.id\system\CodeIgniter.php(326): CodeIgniter\CodeIgniter->handleRequest(NULL, Object(Config\Cache), false)
#8 D:\PrejectCi4\dari sahrul\datamikro.diskominfo.go.id\public\index.php(37): CodeIgniter\CodeIgniter->run()
#9 D:\PrejectCi4\dari sahrul\datamikro.diskominfo.go.id\system\Commands\Server\rewrite.php(43): require_once('D:\\PrejectCi4\\d...')
#10 {main}
CRITICAL - 2022-10-04 01:13:16 --> Undefined variable: totalPertahun
#0 D:\PrejectCi4\dari sahrul\datamikro.diskominfo.go.id\app\Views\frontend\profil\index\2\1.php(37): CodeIgniter\Debug\Exceptions->errorHandler(8, 'Undefined varia...', 'D:\\PrejectCi4\\d...', 37, Array)
#1 D:\PrejectCi4\dari sahrul\datamikro.diskominfo.go.id\system\View\View.php(210): include('D:\\PrejectCi4\\d...')
#2 D:\PrejectCi4\dari sahrul\datamikro.diskominfo.go.id\system\View\View.php(213): CodeIgniter\View\View->CodeIgniter\View\{closure}()
#3 D:\PrejectCi4\dari sahrul\datamikro.diskominfo.go.id\system\Common.php(1089): CodeIgniter\View\View->render('frontend/profil...', Array, true)
#4 D:\PrejectCi4\dari sahrul\datamikro.diskominfo.go.id\app\Controllers\Profil.php(38): view('frontend/profil...')
#5 D:\PrejectCi4\dari sahrul\datamikro.diskominfo.go.id\system\CodeIgniter.php(832): App\Controllers\Profil->profil3()
#6 D:\PrejectCi4\dari sahrul\datamikro.diskominfo.go.id\system\CodeIgniter.php(419): CodeIgniter\CodeIgniter->runController(Object(App\Controllers\Profil))
#7 D:\PrejectCi4\dari sahrul\datamikro.diskominfo.go.id\system\CodeIgniter.php(326): CodeIgniter\CodeIgniter->handleRequest(NULL, Object(Config\Cache), false)
#8 D:\PrejectCi4\dari sahrul\datamikro.diskominfo.go.id\public\index.php(37): CodeIgniter\CodeIgniter->run()
#9 D:\PrejectCi4\dari sahrul\datamikro.diskominfo.go.id\system\Commands\Server\rewrite.php(43): require_once('D:\\PrejectCi4\\d...')
#10 {main}
CRITICAL - 2022-10-04 01:17:39 --> 7 : Failed to connect to etika.diskominfo.bolmutkab.go.id port 443: Connection refused
#0 D:\PrejectCi4\dari sahrul\datamikro.diskominfo.go.id\system\HTTP\CURLRequest.php(656): CodeIgniter\HTTP\Exceptions\HTTPException::forCurlError('7', 'Failed to conne...')
#1 D:\PrejectCi4\dari sahrul\datamikro.diskominfo.go.id\system\HTTP\CURLRequest.php(364): CodeIgniter\HTTP\CURLRequest->sendRequest(Array)
#2 D:\PrejectCi4\dari sahrul\datamikro.diskominfo.go.id\system\HTTP\CURLRequest.php(140): CodeIgniter\HTTP\CURLRequest->send('GET', 'https://etika.d...')
#3 D:\PrejectCi4\dari sahrul\datamikro.diskominfo.go.id\app\Models\ApiModel.php(20): CodeIgniter\HTTP\CURLRequest->request('GET', 'https://etika.d...', Array)
#4 D:\PrejectCi4\dari sahrul\datamikro.diskominfo.go.id\app\Controllers\Home.php(17): App\Models\ApiModel->getApi('etika.diskominf...')
#5 D:\PrejectCi4\dari sahrul\datamikro.diskominfo.go.id\system\CodeIgniter.php(832): App\Controllers\Home->index()
#6 D:\PrejectCi4\dari sahrul\datamikro.diskominfo.go.id\system\CodeIgniter.php(419): CodeIgniter\CodeIgniter->runController(Object(App\Controllers\Home))
#7 D:\PrejectCi4\dari sahrul\datamikro.diskominfo.go.id\system\CodeIgniter.php(326): CodeIgniter\CodeIgniter->handleRequest(NULL, Object(Config\Cache), false)
#8 D:\PrejectCi4\dari sahrul\datamikro.diskominfo.go.id\public\index.php(37): CodeIgniter\CodeIgniter->run()
#9 D:\PrejectCi4\dari sahrul\datamikro.diskominfo.go.id\system\Commands\Server\rewrite.php(43): require_once('D:\\PrejectCi4\\d...')
#10 {main}
CRITICAL - 2022-10-04 01:18:20 --> 7 : Failed to connect to etika.diskominfo.bolmutkab.go.id port 443: Connection refused
#0 D:\PrejectCi4\dari sahrul\datamikro.diskominfo.go.id\system\HTTP\CURLRequest.php(656): CodeIgniter\HTTP\Exceptions\HTTPException::forCurlError('7', 'Failed to conne...')
#1 D:\PrejectCi4\dari sahrul\datamikro.diskominfo.go.id\system\HTTP\CURLRequest.php(364): CodeIgniter\HTTP\CURLRequest->sendRequest(Array)
#2 D:\PrejectCi4\dari sahrul\datamikro.diskominfo.go.id\system\HTTP\CURLRequest.php(140): CodeIgniter\HTTP\CURLRequest->send('GET', 'https://etika.d...')
#3 D:\PrejectCi4\dari sahrul\datamikro.diskominfo.go.id\app\Models\ApiModel.php(20): CodeIgniter\HTTP\CURLRequest->request('GET', 'https://etika.d...', Array)
#4 D:\PrejectCi4\dari sahrul\datamikro.diskominfo.go.id\app\Controllers\Home.php(17): App\Models\ApiModel->getApi('etika.diskominf...')
#5 D:\PrejectCi4\dari sahrul\datamikro.diskominfo.go.id\system\CodeIgniter.php(832): App\Controllers\Home->index()
#6 D:\PrejectCi4\dari sahrul\datamikro.diskominfo.go.id\system\CodeIgniter.php(419): CodeIgniter\CodeIgniter->runController(Object(App\Controllers\Home))
#7 D:\PrejectCi4\dari sahrul\datamikro.diskominfo.go.id\system\CodeIgniter.php(326): CodeIgniter\CodeIgniter->handleRequest(NULL, Object(Config\Cache), false)
#8 D:\PrejectCi4\dari sahrul\datamikro.diskominfo.go.id\public\index.php(37): CodeIgniter\CodeIgniter->run()
#9 D:\PrejectCi4\dari sahrul\datamikro.diskominfo.go.id\system\Commands\Server\rewrite.php(43): require_once('D:\\PrejectCi4\\d...')
#10 {main}
CRITICAL - 2022-10-04 01:20:33 --> 7 : Failed to connect to etika.diskominfo.bolmutkab.go.id port 443: Connection refused
#0 D:\PrejectCi4\dari sahrul\datamikro.diskominfo.go.id\system\HTTP\CURLRequest.php(656): CodeIgniter\HTTP\Exceptions\HTTPException::forCurlError('7', 'Failed to conne...')
#1 D:\PrejectCi4\dari sahrul\datamikro.diskominfo.go.id\system\HTTP\CURLRequest.php(364): CodeIgniter\HTTP\CURLRequest->sendRequest(Array)
#2 D:\PrejectCi4\dari sahrul\datamikro.diskominfo.go.id\system\HTTP\CURLRequest.php(140): CodeIgniter\HTTP\CURLRequest->send('GET', 'https://etika.d...')
#3 D:\PrejectCi4\dari sahrul\datamikro.diskominfo.go.id\app\Models\ApiModel.php(20): CodeIgniter\HTTP\CURLRequest->request('GET', 'https://etika.d...', Array)
#4 D:\PrejectCi4\dari sahrul\datamikro.diskominfo.go.id\app\Controllers\Home.php(17): App\Models\ApiModel->getApi('etika.diskominf...')
#5 D:\PrejectCi4\dari sahrul\datamikro.diskominfo.go.id\system\CodeIgniter.php(832): App\Controllers\Home->index()
#6 D:\PrejectCi4\dari sahrul\datamikro.diskominfo.go.id\system\CodeIgniter.php(419): CodeIgniter\CodeIgniter->runController(Object(App\Controllers\Home))
#7 D:\PrejectCi4\dari sahrul\datamikro.diskominfo.go.id\system\CodeIgniter.php(326): CodeIgniter\CodeIgniter->handleRequest(NULL, Object(Config\Cache), false)
#8 D:\PrejectCi4\dari sahrul\datamikro.diskominfo.go.id\public\index.php(37): CodeIgniter\CodeIgniter->run()
#9 D:\PrejectCi4\dari sahrul\datamikro.diskominfo.go.id\system\Commands\Server\rewrite.php(43): require_once('D:\\PrejectCi4\\d...')
#10 {main}
CRITICAL - 2022-10-04 01:21:33 --> 7 : Failed to connect to etika.diskominfo.bolmutkab.go.id port 443: Connection refused
#0 D:\PrejectCi4\dari sahrul\datamikro.diskominfo.go.id\system\HTTP\CURLRequest.php(656): CodeIgniter\HTTP\Exceptions\HTTPException::forCurlError('7', 'Failed to conne...')
#1 D:\PrejectCi4\dari sahrul\datamikro.diskominfo.go.id\system\HTTP\CURLRequest.php(364): CodeIgniter\HTTP\CURLRequest->sendRequest(Array)
#2 D:\PrejectCi4\dari sahrul\datamikro.diskominfo.go.id\system\HTTP\CURLRequest.php(140): CodeIgniter\HTTP\CURLRequest->send('GET', 'https://etika.d...')
#3 D:\PrejectCi4\dari sahrul\datamikro.diskominfo.go.id\app\Models\ApiModel.php(20): CodeIgniter\HTTP\CURLRequest->request('GET', 'https://etika.d...', Array)
#4 D:\PrejectCi4\dari sahrul\datamikro.diskominfo.go.id\app\Controllers\Home.php(17): App\Models\ApiModel->getApi('etika.diskominf...')
#5 D:\PrejectCi4\dari sahrul\datamikro.diskominfo.go.id\system\CodeIgniter.php(832): App\Controllers\Home->index()
#6 D:\PrejectCi4\dari sahrul\datamikro.diskominfo.go.id\system\CodeIgniter.php(419): CodeIgniter\CodeIgniter->runController(Object(App\Controllers\Home))
#7 D:\PrejectCi4\dari sahrul\datamikro.diskominfo.go.id\system\CodeIgniter.php(326): CodeIgniter\CodeIgniter->handleRequest(NULL, Object(Config\Cache), false)
#8 D:\PrejectCi4\dari sahrul\datamikro.diskominfo.go.id\public\index.php(37): CodeIgniter\CodeIgniter->run()
#9 D:\PrejectCi4\dari sahrul\datamikro.diskominfo.go.id\system\Commands\Server\rewrite.php(43): require_once('D:\\PrejectCi4\\d...')
#10 {main}
CRITICAL - 2022-10-04 01:21:50 --> 7 : Failed to connect to etika.diskominfo.bolmutkab.go.id port 443: Connection refused
#0 D:\PrejectCi4\dari sahrul\datamikro.diskominfo.go.id\system\HTTP\CURLRequest.php(656): CodeIgniter\HTTP\Exceptions\HTTPException::forCurlError('7', 'Failed to conne...')
#1 D:\PrejectCi4\dari sahrul\datamikro.diskominfo.go.id\system\HTTP\CURLRequest.php(364): CodeIgniter\HTTP\CURLRequest->sendRequest(Array)
#2 D:\PrejectCi4\dari sahrul\datamikro.diskominfo.go.id\system\HTTP\CURLRequest.php(140): CodeIgniter\HTTP\CURLRequest->send('GET', 'https://etika.d...')
#3 D:\PrejectCi4\dari sahrul\datamikro.diskominfo.go.id\app\Models\ApiModel.php(20): CodeIgniter\HTTP\CURLRequest->request('GET', 'https://etika.d...', Array)
#4 D:\PrejectCi4\dari sahrul\datamikro.diskominfo.go.id\app\Controllers\Home.php(17): App\Models\ApiModel->getApi('etika.diskominf...')
#5 D:\PrejectCi4\dari sahrul\datamikro.diskominfo.go.id\system\CodeIgniter.php(832): App\Controllers\Home->index()
#6 D:\PrejectCi4\dari sahrul\datamikro.diskominfo.go.id\system\CodeIgniter.php(419): CodeIgniter\CodeIgniter->runController(Object(App\Controllers\Home))
#7 D:\PrejectCi4\dari sahrul\datamikro.diskominfo.go.id\system\CodeIgniter.php(326): CodeIgniter\CodeIgniter->handleRequest(NULL, Object(Config\Cache), false)
#8 D:\PrejectCi4\dari sahrul\datamikro.diskominfo.go.id\public\index.php(37): CodeIgniter\CodeIgniter->run()
#9 D:\PrejectCi4\dari sahrul\datamikro.diskominfo.go.id\system\Commands\Server\rewrite.php(43): require_once('D:\\PrejectCi4\\d...')
#10 {main}
CRITICAL - 2022-10-04 01:23:35 --> 7 : Failed to connect to etika.diskominfo.bolmutkab.go.id port 443: Connection refused
#0 D:\PrejectCi4\dari sahrul\datamikro.diskominfo.go.id\system\HTTP\CURLRequest.php(656): CodeIgniter\HTTP\Exceptions\HTTPException::forCurlError('7', 'Failed to conne...')
#1 D:\PrejectCi4\dari sahrul\datamikro.diskominfo.go.id\system\HTTP\CURLRequest.php(364): CodeIgniter\HTTP\CURLRequest->sendRequest(Array)
#2 D:\PrejectCi4\dari sahrul\datamikro.diskominfo.go.id\system\HTTP\CURLRequest.php(140): CodeIgniter\HTTP\CURLRequest->send('GET', 'https://etika.d...')
#3 D:\PrejectCi4\dari sahrul\datamikro.diskominfo.go.id\app\Models\ApiModel.php(20): CodeIgniter\HTTP\CURLRequest->request('GET', 'https://etika.d...', Array)
#4 D:\PrejectCi4\dari sahrul\datamikro.diskominfo.go.id\app\Controllers\Home.php(17): App\Models\ApiModel->getApi('etika.diskominf...')
#5 D:\PrejectCi4\dari sahrul\datamikro.diskominfo.go.id\system\CodeIgniter.php(832): App\Controllers\Home->index()
#6 D:\PrejectCi4\dari sahrul\datamikro.diskominfo.go.id\system\CodeIgniter.php(419): CodeIgniter\CodeIgniter->runController(Object(App\Controllers\Home))
#7 D:\PrejectCi4\dari sahrul\datamikro.diskominfo.go.id\system\CodeIgniter.php(326): CodeIgniter\CodeIgniter->handleRequest(NULL, Object(Config\Cache), false)
#8 D:\PrejectCi4\dari sahrul\datamikro.diskominfo.go.id\public\index.php(37): CodeIgniter\CodeIgniter->run()
#9 D:\PrejectCi4\dari sahrul\datamikro.diskominfo.go.id\system\Commands\Server\rewrite.php(43): require_once('D:\\PrejectCi4\\d...')
#10 {main}
CRITICAL - 2022-10-04 01:27:14 --> 7 : Failed to connect to etika.diskominfo.bolmutkab.go.id port 443: Connection refused
#0 D:\PrejectCi4\dari sahrul\datamikro.diskominfo.go.id\system\HTTP\CURLRequest.php(656): CodeIgniter\HTTP\Exceptions\HTTPException::forCurlError('7', 'Failed to conne...')
#1 D:\PrejectCi4\dari sahrul\datamikro.diskominfo.go.id\system\HTTP\CURLRequest.php(364): CodeIgniter\HTTP\CURLRequest->sendRequest(Array)
#2 D:\PrejectCi4\dari sahrul\datamikro.diskominfo.go.id\system\HTTP\CURLRequest.php(140): CodeIgniter\HTTP\CURLRequest->send('GET', 'https://etika.d...')
#3 D:\PrejectCi4\dari sahrul\datamikro.diskominfo.go.id\app\Models\ApiModel.php(20): CodeIgniter\HTTP\CURLRequest->request('GET', 'https://etika.d...', Array)
#4 D:\PrejectCi4\dari sahrul\datamikro.diskominfo.go.id\app\Controllers\Home.php(17): App\Models\ApiModel->getApi('etika.diskominf...')
#5 D:\PrejectCi4\dari sahrul\datamikro.diskominfo.go.id\system\CodeIgniter.php(832): App\Controllers\Home->index()
#6 D:\PrejectCi4\dari sahrul\datamikro.diskominfo.go.id\system\CodeIgniter.php(419): CodeIgniter\CodeIgniter->runController(Object(App\Controllers\Home))
#7 D:\PrejectCi4\dari sahrul\datamikro.diskominfo.go.id\system\CodeIgniter.php(326): CodeIgniter\CodeIgniter->handleRequest(NULL, Object(Config\Cache), false)
#8 D:\PrejectCi4\dari sahrul\datamikro.diskominfo.go.id\public\index.php(37): CodeIgniter\CodeIgniter->run()
#9 D:\PrejectCi4\dari sahrul\datamikro.diskominfo.go.id\system\Commands\Server\rewrite.php(43): require_once('D:\\PrejectCi4\\d...')
#10 {main}
CRITICAL - 2022-10-04 01:31:04 --> 7 : Failed to connect to etika.diskominfo.bolmutkab.go.id port 443: Connection refused
#0 D:\PrejectCi4\dari sahrul\datamikro.diskominfo.go.id\system\HTTP\CURLRequest.php(656): CodeIgniter\HTTP\Exceptions\HTTPException::forCurlError('7', 'Failed to conne...')
#1 D:\PrejectCi4\dari sahrul\datamikro.diskominfo.go.id\system\HTTP\CURLRequest.php(364): CodeIgniter\HTTP\CURLRequest->sendRequest(Array)
#2 D:\PrejectCi4\dari sahrul\datamikro.diskominfo.go.id\system\HTTP\CURLRequest.php(140): CodeIgniter\HTTP\CURLRequest->send('GET', 'https://etika.d...')
#3 D:\PrejectCi4\dari sahrul\datamikro.diskominfo.go.id\app\Models\ApiModel.php(20): CodeIgniter\HTTP\CURLRequest->request('GET', 'https://etika.d...', Array)
#4 D:\PrejectCi4\dari sahrul\datamikro.diskominfo.go.id\app\Controllers\Home.php(17): App\Models\ApiModel->getApi('etika.diskominf...')
#5 D:\PrejectCi4\dari sahrul\datamikro.diskominfo.go.id\system\CodeIgniter.php(832): App\Controllers\Home->index()
#6 D:\PrejectCi4\dari sahrul\datamikro.diskominfo.go.id\system\CodeIgniter.php(419): CodeIgniter\CodeIgniter->runController(Object(App\Controllers\Home))
#7 D:\PrejectCi4\dari sahrul\datamikro.diskominfo.go.id\system\CodeIgniter.php(326): CodeIgniter\CodeIgniter->handleRequest(NULL, Object(Config\Cache), false)
#8 D:\PrejectCi4\dari sahrul\datamikro.diskominfo.go.id\public\index.php(37): CodeIgniter\CodeIgniter->run()
#9 D:\PrejectCi4\dari sahrul\datamikro.diskominfo.go.id\system\Commands\Server\rewrite.php(43): require_once('D:\\PrejectCi4\\d...')
#10 {main}
CRITICAL - 2022-10-04 01:31:48 --> 7 : Failed to connect to etika.diskominfo.bolmutkab.go.id port 443: Connection refused
#0 D:\PrejectCi4\dari sahrul\datamikro.diskominfo.go.id\system\HTTP\CURLRequest.php(656): CodeIgniter\HTTP\Exceptions\HTTPException::forCurlError('7', 'Failed to conne...')
#1 D:\PrejectCi4\dari sahrul\datamikro.diskominfo.go.id\system\HTTP\CURLRequest.php(364): CodeIgniter\HTTP\CURLRequest->sendRequest(Array)
#2 D:\PrejectCi4\dari sahrul\datamikro.diskominfo.go.id\system\HTTP\CURLRequest.php(140): CodeIgniter\HTTP\CURLRequest->send('GET', 'https://etika.d...')
#3 D:\PrejectCi4\dari sahrul\datamikro.diskominfo.go.id\app\Models\ApiModel.php(20): CodeIgniter\HTTP\CURLRequest->request('GET', 'https://etika.d...', Array)
#4 D:\PrejectCi4\dari sahrul\datamikro.diskominfo.go.id\app\Controllers\Home.php(17): App\Models\ApiModel->getApi('etika.diskominf...')
#5 D:\PrejectCi4\dari sahrul\datamikro.diskominfo.go.id\system\CodeIgniter.php(832): App\Controllers\Home->index()
#6 D:\PrejectCi4\dari sahrul\datamikro.diskominfo.go.id\system\CodeIgniter.php(419): CodeIgniter\CodeIgniter->runController(Object(App\Controllers\Home))
#7 D:\PrejectCi4\dari sahrul\datamikro.diskominfo.go.id\system\CodeIgniter.php(326): CodeIgniter\CodeIgniter->handleRequest(NULL, Object(Config\Cache), false)
#8 D:\PrejectCi4\dari sahrul\datamikro.diskominfo.go.id\public\index.php(37): CodeIgniter\CodeIgniter->run()
#9 D:\PrejectCi4\dari sahrul\datamikro.diskominfo.go.id\system\Commands\Server\rewrite.php(43): require_once('D:\\PrejectCi4\\d...')
#10 {main}
CRITICAL - 2022-10-04 01:32:08 --> 7 : Failed to connect to etika.diskominfo.bolmutkab.go.id port 443: Connection refused
#0 D:\PrejectCi4\dari sahrul\datamikro.diskominfo.go.id\system\HTTP\CURLRequest.php(656): CodeIgniter\HTTP\Exceptions\HTTPException::forCurlError('7', 'Failed to conne...')
#1 D:\PrejectCi4\dari sahrul\datamikro.diskominfo.go.id\system\HTTP\CURLRequest.php(364): CodeIgniter\HTTP\CURLRequest->sendRequest(Array)
#2 D:\PrejectCi4\dari sahrul\datamikro.diskominfo.go.id\system\HTTP\CURLRequest.php(140): CodeIgniter\HTTP\CURLRequest->send('GET', 'https://etika.d...')
#3 D:\PrejectCi4\dari sahrul\datamikro.diskominfo.go.id\app\Models\ApiModel.php(20): CodeIgniter\HTTP\CURLRequest->request('GET', 'https://etika.d...', Array)
#4 D:\PrejectCi4\dari sahrul\datamikro.diskominfo.go.id\app\Controllers\Home.php(17): App\Models\ApiModel->getApi('etika.diskominf...')
#5 D:\PrejectCi4\dari sahrul\datamikro.diskominfo.go.id\system\CodeIgniter.php(832): App\Controllers\Home->index()
#6 D:\PrejectCi4\dari sahrul\datamikro.diskominfo.go.id\system\CodeIgniter.php(419): CodeIgniter\CodeIgniter->runController(Object(App\Controllers\Home))
#7 D:\PrejectCi4\dari sahrul\datamikro.diskominfo.go.id\system\CodeIgniter.php(326): CodeIgniter\CodeIgniter->handleRequest(NULL, Object(Config\Cache), false)
#8 D:\PrejectCi4\dari sahrul\datamikro.diskominfo.go.id\public\index.php(37): CodeIgniter\CodeIgniter->run()
#9 D:\PrejectCi4\dari sahrul\datamikro.diskominfo.go.id\system\Commands\Server\rewrite.php(43): require_once('D:\\PrejectCi4\\d...')
#10 {main}
CRITICAL - 2022-10-04 01:36:41 --> Undefined property: App\Controllers\Profil::$apiModel
#0 D:\PrejectCi4\dari sahrul\datamikro.diskominfo.go.id\app\Controllers\Profil.php(51): CodeIgniter\Debug\Exceptions->errorHandler(8, 'Undefined prope...', 'D:\\PrejectCi4\\d...', 51, Array)
#1 D:\PrejectCi4\dari sahrul\datamikro.diskominfo.go.id\system\CodeIgniter.php(832): App\Controllers\Profil->profil4()
#2 D:\PrejectCi4\dari sahrul\datamikro.diskominfo.go.id\system\CodeIgniter.php(419): CodeIgniter\CodeIgniter->runController(Object(App\Controllers\Profil))
#3 D:\PrejectCi4\dari sahrul\datamikro.diskominfo.go.id\system\CodeIgniter.php(326): CodeIgniter\CodeIgniter->handleRequest(NULL, Object(Config\Cache), false)
#4 D:\PrejectCi4\dari sahrul\datamikro.diskominfo.go.id\public\index.php(37): CodeIgniter\CodeIgniter->run()
#5 D:\PrejectCi4\dari sahrul\datamikro.diskominfo.go.id\system\Commands\Server\rewrite.php(43): require_once('D:\\PrejectCi4\\d...')
#6 {main}
CRITICAL - 2022-10-04 01:37:01 --> Undefined property: App\Controllers\Profil::$apiModel
#0 D:\PrejectCi4\dari sahrul\datamikro.diskominfo.go.id\app\Controllers\Profil.php(51): CodeIgniter\Debug\Exceptions->errorHandler(8, 'Undefined prope...', 'D:\\PrejectCi4\\d...', 51, Array)
#1 D:\PrejectCi4\dari sahrul\datamikro.diskominfo.go.id\system\CodeIgniter.php(832): App\Controllers\Profil->profil4()
#2 D:\PrejectCi4\dari sahrul\datamikro.diskominfo.go.id\system\CodeIgniter.php(419): CodeIgniter\CodeIgniter->runController(Object(App\Controllers\Profil))
#3 D:\PrejectCi4\dari sahrul\datamikro.diskominfo.go.id\system\CodeIgniter.php(326): CodeIgniter\CodeIgniter->handleRequest(NULL, Object(Config\Cache), false)
#4 D:\PrejectCi4\dari sahrul\datamikro.diskominfo.go.id\public\index.php(37): CodeIgniter\CodeIgniter->run()
#5 D:\PrejectCi4\dari sahrul\datamikro.diskominfo.go.id\system\Commands\Server\rewrite.php(43): require_once('D:\\PrejectCi4\\d...')
#6 {main}
CRITICAL - 2022-10-04 01:40:31 --> 7 : Failed to connect to etika.diskominfo.bolmutkab.go.id port 443: Connection refused
#0 D:\PrejectCi4\dari sahrul\datamikro.diskominfo.go.id\system\HTTP\CURLRequest.php(656): CodeIgniter\HTTP\Exceptions\HTTPException::forCurlError('7', 'Failed to conne...')
#1 D:\PrejectCi4\dari sahrul\datamikro.diskominfo.go.id\system\HTTP\CURLRequest.php(364): CodeIgniter\HTTP\CURLRequest->sendRequest(Array)
#2 D:\PrejectCi4\dari sahrul\datamikro.diskominfo.go.id\system\HTTP\CURLRequest.php(140): CodeIgniter\HTTP\CURLRequest->send('GET', 'https://etika.d...')
#3 D:\PrejectCi4\dari sahrul\datamikro.diskominfo.go.id\app\Models\ApiModel.php(20): CodeIgniter\HTTP\CURLRequest->request('GET', 'https://etika.d...', Array)
#4 D:\PrejectCi4\dari sahrul\datamikro.diskominfo.go.id\app\Controllers\Profil.php(47): App\Models\ApiModel->getApi('etika.diskominf...')
#5 D:\PrejectCi4\dari sahrul\datamikro.diskominfo.go.id\system\CodeIgniter.php(832): App\Controllers\Profil->profil4()
#6 D:\PrejectCi4\dari sahrul\datamikro.diskominfo.go.id\system\CodeIgniter.php(419): CodeIgniter\CodeIgniter->runController(Object(App\Controllers\Profil))
#7 D:\PrejectCi4\dari sahrul\datamikro.diskominfo.go.id\system\CodeIgniter.php(326): CodeIgniter\CodeIgniter->handleRequest(NULL, Object(Config\Cache), false)
#8 D:\PrejectCi4\dari sahrul\datamikro.diskominfo.go.id\public\index.php(37): CodeIgniter\CodeIgniter->run()
#9 D:\PrejectCi4\dari sahrul\datamikro.diskominfo.go.id\system\Commands\Server\rewrite.php(43): require_once('D:\\PrejectCi4\\d...')
#10 {main}
CRITICAL - 2022-10-04 01:41:04 --> Undefined variable: totalPertahun
#0 D:\PrejectCi4\dari sahrul\datamikro.diskominfo.go.id\app\Views\frontend\profil\index\2\2.php(37): CodeIgniter\Debug\Exceptions->errorHandler(8, 'Undefined varia...', 'D:\\PrejectCi4\\d...', 37, Array)
#1 D:\PrejectCi4\dari sahrul\datamikro.diskominfo.go.id\system\View\View.php(210): include('D:\\PrejectCi4\\d...')
#2 D:\PrejectCi4\dari sahrul\datamikro.diskominfo.go.id\system\View\View.php(213): CodeIgniter\View\View->CodeIgniter\View\{closure}()
#3 D:\PrejectCi4\dari sahrul\datamikro.diskominfo.go.id\system\Common.php(1089): CodeIgniter\View\View->render('frontend/profil...', Array, true)
#4 D:\PrejectCi4\dari sahrul\datamikro.diskominfo.go.id\app\Controllers\Profil.php(49): view('frontend/profil...', Array)
#5 D:\PrejectCi4\dari sahrul\datamikro.diskominfo.go.id\system\CodeIgniter.php(832): App\Controllers\Profil->profil4()
#6 D:\PrejectCi4\dari sahrul\datamikro.diskominfo.go.id\system\CodeIgniter.php(419): CodeIgniter\CodeIgniter->runController(Object(App\Controllers\Profil))
#7 D:\PrejectCi4\dari sahrul\datamikro.diskominfo.go.id\system\CodeIgniter.php(326): CodeIgniter\CodeIgniter->handleRequest(NULL, Object(Config\Cache), false)
#8 D:\PrejectCi4\dari sahrul\datamikro.diskominfo.go.id\public\index.php(37): CodeIgniter\CodeIgniter->run()
#9 D:\PrejectCi4\dari sahrul\datamikro.diskominfo.go.id\system\Commands\Server\rewrite.php(43): require_once('D:\\PrejectCi4\\d...')
#10 {main}
CRITICAL - 2022-10-04 01:54:19 --> Undefined variable: tahun
#0 D:\PrejectCi4\dari sahrul\datamikro.diskominfo.go.id\app\Views\frontend\profil\index\2\2.php(37): CodeIgniter\Debug\Exceptions->errorHandler(8, 'Undefined varia...', 'D:\\PrejectCi4\\d...', 37, Array)
#1 D:\PrejectCi4\dari sahrul\datamikro.diskominfo.go.id\system\View\View.php(210): include('D:\\PrejectCi4\\d...')
#2 D:\PrejectCi4\dari sahrul\datamikro.diskominfo.go.id\system\View\View.php(213): CodeIgniter\View\View->CodeIgniter\View\{closure}()
#3 D:\PrejectCi4\dari sahrul\datamikro.diskominfo.go.id\system\Common.php(1089): CodeIgniter\View\View->render('frontend/profil...', Array, true)
#4 D:\PrejectCi4\dari sahrul\datamikro.diskominfo.go.id\app\Controllers\Profil.php(49): view('frontend/profil...', Array)
#5 D:\PrejectCi4\dari sahrul\datamikro.diskominfo.go.id\system\CodeIgniter.php(832): App\Controllers\Profil->profil4()
#6 D:\PrejectCi4\dari sahrul\datamikro.diskominfo.go.id\system\CodeIgniter.php(419): CodeIgniter\CodeIgniter->runController(Object(App\Controllers\Profil))
#7 D:\PrejectCi4\dari sahrul\datamikro.diskominfo.go.id\system\CodeIgniter.php(326): CodeIgniter\CodeIgniter->handleRequest(NULL, Object(Config\Cache), false)
#8 D:\PrejectCi4\dari sahrul\datamikro.diskominfo.go.id\public\index.php(37): CodeIgniter\CodeIgniter->run()
#9 D:\PrejectCi4\dari sahrul\datamikro.diskominfo.go.id\system\Commands\Server\rewrite.php(43): require_once('D:\\PrejectCi4\\d...')
#10 {main}
CRITICAL - 2022-10-04 01:54:53 --> Undefined variable: tahun
#0 D:\PrejectCi4\dari sahrul\datamikro.diskominfo.go.id\app\Views\frontend\profil\index\2\2.php(37): CodeIgniter\Debug\Exceptions->errorHandler(8, 'Undefined varia...', 'D:\\PrejectCi4\\d...', 37, Array)
#1 D:\PrejectCi4\dari sahrul\datamikro.diskominfo.go.id\system\View\View.php(210): include('D:\\PrejectCi4\\d...')
#2 D:\PrejectCi4\dari sahrul\datamikro.diskominfo.go.id\system\View\View.php(213): CodeIgniter\View\View->CodeIgniter\View\{closure}()
#3 D:\PrejectCi4\dari sahrul\datamikro.diskominfo.go.id\system\Common.php(1089): CodeIgniter\View\View->render('frontend/profil...', Array, true)
#4 D:\PrejectCi4\dari sahrul\datamikro.diskominfo.go.id\app\Controllers\Profil.php(49): view('frontend/profil...', Array)
#5 D:\PrejectCi4\dari sahrul\datamikro.diskominfo.go.id\system\CodeIgniter.php(832): App\Controllers\Profil->profil4()
#6 D:\PrejectCi4\dari sahrul\datamikro.diskominfo.go.id\system\CodeIgniter.php(419): CodeIgniter\CodeIgniter->runController(Object(App\Controllers\Profil))
#7 D:\PrejectCi4\dari sahrul\datamikro.diskominfo.go.id\system\CodeIgniter.php(326): CodeIgniter\CodeIgniter->handleRequest(NULL, Object(Config\Cache), false)
#8 D:\PrejectCi4\dari sahrul\datamikro.diskominfo.go.id\public\index.php(37): CodeIgniter\CodeIgniter->run()
#9 D:\PrejectCi4\dari sahrul\datamikro.diskominfo.go.id\system\Commands\Server\rewrite.php(43): require_once('D:\\PrejectCi4\\d...')
#10 {main}
CRITICAL - 2022-10-04 01:55:09 --> Undefined variable: kaidipang
#0 D:\PrejectCi4\dari sahrul\datamikro.diskominfo.go.id\app\Views\frontend\profil\index\2\2.php(81): CodeIgniter\Debug\Exceptions->errorHandler(8, 'Undefined varia...', 'D:\\PrejectCi4\\d...', 81, Array)
#1 D:\PrejectCi4\dari sahrul\datamikro.diskominfo.go.id\system\View\View.php(210): include('D:\\PrejectCi4\\d...')
#2 D:\PrejectCi4\dari sahrul\datamikro.diskominfo.go.id\system\View\View.php(213): CodeIgniter\View\View->CodeIgniter\View\{closure}()
#3 D:\PrejectCi4\dari sahrul\datamikro.diskominfo.go.id\system\Common.php(1089): CodeIgniter\View\View->render('frontend/profil...', Array, true)
#4 D:\PrejectCi4\dari sahrul\datamikro.diskominfo.go.id\app\Controllers\Profil.php(49): view('frontend/profil...', Array)
#5 D:\PrejectCi4\dari sahrul\datamikro.diskominfo.go.id\system\CodeIgniter.php(832): App\Controllers\Profil->profil4()
#6 D:\PrejectCi4\dari sahrul\datamikro.diskominfo.go.id\system\CodeIgniter.php(419): CodeIgniter\CodeIgniter->runController(Object(App\Controllers\Profil))
#7 D:\PrejectCi4\dari sahrul\datamikro.diskominfo.go.id\system\CodeIgniter.php(326): CodeIgniter\CodeIgniter->handleRequest(NULL, Object(Config\Cache), false)
#8 D:\PrejectCi4\dari sahrul\datamikro.diskominfo.go.id\public\index.php(37): CodeIgniter\CodeIgniter->run()
#9 D:\PrejectCi4\dari sahrul\datamikro.diskominfo.go.id\system\Commands\Server\rewrite.php(43): require_once('D:\\PrejectCi4\\d...')
#10 {main}
CRITICAL - 2022-10-04 02:21:44 --> Undefined variable: pinogaluman
#0 D:\PrejectCi4\dari sahrul\datamikro.diskominfo.go.id\app\Views\frontend\profil\index\2\3.php(70): CodeIgniter\Debug\Exceptions->errorHandler(8, 'Undefined varia...', 'D:\\PrejectCi4\\d...', 70, Array)
#1 D:\PrejectCi4\dari sahrul\datamikro.diskominfo.go.id\system\View\View.php(210): include('D:\\PrejectCi4\\d...')
#2 D:\PrejectCi4\dari sahrul\datamikro.diskominfo.go.id\system\View\View.php(213): CodeIgniter\View\View->CodeIgniter\View\{closure}()
#3 D:\PrejectCi4\dari sahrul\datamikro.diskominfo.go.id\system\Common.php(1089): CodeIgniter\View\View->render('frontend/profil...', Array, true)
#4 D:\PrejectCi4\dari sahrul\datamikro.diskominfo.go.id\app\Controllers\Profil.php(55): view('frontend/profil...', Array)
#5 D:\PrejectCi4\dari sahrul\datamikro.diskominfo.go.id\system\CodeIgniter.php(832): App\Controllers\Profil->profil5()
#6 D:\PrejectCi4\dari sahrul\datamikro.diskominfo.go.id\system\CodeIgniter.php(419): CodeIgniter\CodeIgniter->runController(Object(App\Controllers\Profil))
#7 D:\PrejectCi4\dari sahrul\datamikro.diskominfo.go.id\system\CodeIgniter.php(326): CodeIgniter\CodeIgniter->handleRequest(NULL, Object(Config\Cache), false)
#8 D:\PrejectCi4\dari sahrul\datamikro.diskominfo.go.id\public\index.php(37): CodeIgniter\CodeIgniter->run()
#9 D:\PrejectCi4\dari sahrul\datamikro.diskominfo.go.id\system\Commands\Server\rewrite.php(43): require_once('D:\\PrejectCi4\\d...')
#10 {main}
CRITICAL - 2022-10-04 04:01:31 --> Undefined variable: pinogaluman
#0 D:\PrejectCi4\dari sahrul\datamikro.diskominfo.go.id\app\Views\frontend\profil\index\2\3.php(70): CodeIgniter\Debug\Exceptions->errorHandler(8, 'Undefined varia...', 'D:\\PrejectCi4\\d...', 70, Array)
#1 D:\PrejectCi4\dari sahrul\datamikro.diskominfo.go.id\system\View\View.php(210): include('D:\\PrejectCi4\\d...')
#2 D:\PrejectCi4\dari sahrul\datamikro.diskominfo.go.id\system\View\View.php(213): CodeIgniter\View\View->CodeIgniter\View\{closure}()
#3 D:\PrejectCi4\dari sahrul\datamikro.diskominfo.go.id\system\Common.php(1089): CodeIgniter\View\View->render('frontend/profil...', Array, true)
#4 D:\PrejectCi4\dari sahrul\datamikro.diskominfo.go.id\app\Controllers\Profil.php(55): view('frontend/profil...', Array)
#5 D:\PrejectCi4\dari sahrul\datamikro.diskominfo.go.id\system\CodeIgniter.php(832): App\Controllers\Profil->profil5()
#6 D:\PrejectCi4\dari sahrul\datamikro.diskominfo.go.id\system\CodeIgniter.php(419): CodeIgniter\CodeIgniter->runController(Object(App\Controllers\Profil))
#7 D:\PrejectCi4\dari sahrul\datamikro.diskominfo.go.id\system\CodeIgniter.php(326): CodeIgniter\CodeIgniter->handleRequest(NULL, Object(Config\Cache), false)
#8 D:\PrejectCi4\dari sahrul\datamikro.diskominfo.go.id\public\index.php(37): CodeIgniter\CodeIgniter->run()
#9 D:\PrejectCi4\dari sahrul\datamikro.diskominfo.go.id\system\Commands\Server\rewrite.php(43): require_once('D:\\PrejectCi4\\d...')
#10 {main}
