CRITICAL - 2024-01-15 07:51:03 --> Invalid file: front_end/profil/print/1/1.php
#0 C:\xampp\htdocs\jamdinthalib.datamikro\system\View\View.php(198): CodeIgniter\Exceptions\FrameworkException::forInvalidFile('front_end/profi...')
#1 C:\xampp\htdocs\jamdinthalib.datamikro\system\Common.php(1089): CodeIgniter\View\View->render('front_end/profi...', Array, true)
#2 C:\xampp\htdocs\jamdinthalib.datamikro\app\Controllers\Cetak.php(13): view('front_end/profi...')
#3 C:\xampp\htdocs\jamdinthalib.datamikro\system\CodeIgniter.php(832): App\Controllers\Cetak->cetak1()
#4 C:\xampp\htdocs\jamdinthalib.datamikro\system\CodeIgniter.php(419): CodeIgniter\CodeIgniter->runController(Object(App\Controllers\Cetak))
#5 C:\xampp\htdocs\jamdinthalib.datamikro\system\CodeIgniter.php(326): CodeIgniter\CodeIgniter->handleRequest(NULL, Object(Config\Cache), false)
#6 C:\xampp\htdocs\jamdinthalib.datamikro\public\index.php(37): CodeIgniter\CodeIgniter->run()
#7 C:\xampp\htdocs\jamdinthalib.datamikro\system\Commands\Server\rewrite.php(43): require_once('C:\\xampp\\htdocs...')
#8 {main}
CRITICAL - 2024-01-15 07:52:51 --> Invalid file: front_end/profil/print/1/2.php
#0 C:\xampp\htdocs\jamdinthalib.datamikro\system\View\View.php(198): CodeIgniter\Exceptions\FrameworkException::forInvalidFile('front_end/profi...')
#1 C:\xampp\htdocs\jamdinthalib.datamikro\system\Common.php(1089): CodeIgniter\View\View->render('front_end/profi...', Array, true)
#2 C:\xampp\htdocs\jamdinthalib.datamikro\app\Controllers\Cetak.php(17): view('front_end/profi...')
#3 C:\xampp\htdocs\jamdinthalib.datamikro\system\CodeIgniter.php(832): App\Controllers\Cetak->cetak2()
#4 C:\xampp\htdocs\jamdinthalib.datamikro\system\CodeIgniter.php(419): CodeIgniter\CodeIgniter->runController(Object(App\Controllers\Cetak))
#5 C:\xampp\htdocs\jamdinthalib.datamikro\system\CodeIgniter.php(326): CodeIgniter\CodeIgniter->handleRequest(NULL, Object(Config\Cache), false)
#6 C:\xampp\htdocs\jamdinthalib.datamikro\public\index.php(37): CodeIgniter\CodeIgniter->run()
#7 C:\xampp\htdocs\jamdinthalib.datamikro\system\Commands\Server\rewrite.php(43): require_once('C:\\xampp\\htdocs...')
#8 {main}
CRITICAL - 2024-01-15 07:53:05 --> Invalid file: front_end/profil/print/2/1.php
#0 C:\xampp\htdocs\jamdinthalib.datamikro\system\View\View.php(198): CodeIgniter\Exceptions\FrameworkException::forInvalidFile('front_end/profi...')
#1 C:\xampp\htdocs\jamdinthalib.datamikro\system\Common.php(1089): CodeIgniter\View\View->render('front_end/profi...', Array, true)
#2 C:\xampp\htdocs\jamdinthalib.datamikro\app\Controllers\Cetak.php(21): view('front_end/profi...')
#3 C:\xampp\htdocs\jamdinthalib.datamikro\system\CodeIgniter.php(832): App\Controllers\Cetak->cetak3()
#4 C:\xampp\htdocs\jamdinthalib.datamikro\system\CodeIgniter.php(419): CodeIgniter\CodeIgniter->runController(Object(App\Controllers\Cetak))
#5 C:\xampp\htdocs\jamdinthalib.datamikro\system\CodeIgniter.php(326): CodeIgniter\CodeIgniter->handleRequest(NULL, Object(Config\Cache), false)
#6 C:\xampp\htdocs\jamdinthalib.datamikro\public\index.php(37): CodeIgniter\CodeIgniter->run()
#7 C:\xampp\htdocs\jamdinthalib.datamikro\system\Commands\Server\rewrite.php(43): require_once('C:\\xampp\\htdocs...')
#8 {main}
CRITICAL - 2024-01-15 07:53:37 --> Invalid file: front_end/profil/print/1/1.php
#0 C:\xampp\htdocs\jamdinthalib.datamikro\system\View\View.php(198): CodeIgniter\Exceptions\FrameworkException::forInvalidFile('front_end/profi...')
#1 C:\xampp\htdocs\jamdinthalib.datamikro\system\Common.php(1089): CodeIgniter\View\View->render('front_end/profi...', Array, true)
#2 C:\xampp\htdocs\jamdinthalib.datamikro\app\Controllers\Cetak.php(13): view('front_end/profi...')
#3 C:\xampp\htdocs\jamdinthalib.datamikro\system\CodeIgniter.php(832): App\Controllers\Cetak->cetak1()
#4 C:\xampp\htdocs\jamdinthalib.datamikro\system\CodeIgniter.php(419): CodeIgniter\CodeIgniter->runController(Object(App\Controllers\Cetak))
#5 C:\xampp\htdocs\jamdinthalib.datamikro\system\CodeIgniter.php(326): CodeIgniter\CodeIgniter->handleRequest(NULL, Object(Config\Cache), false)
#6 C:\xampp\htdocs\jamdinthalib.datamikro\public\index.php(37): CodeIgniter\CodeIgniter->run()
#7 C:\xampp\htdocs\jamdinthalib.datamikro\system\Commands\Server\rewrite.php(43): require_once('C:\\xampp\\htdocs...')
#8 {main}
CRITICAL - 2024-01-15 07:55:28 --> Invalid file: front_end/profil/print/2/1.php
#0 C:\xampp\htdocs\jamdinthalib.datamikro\system\View\View.php(198): CodeIgniter\Exceptions\FrameworkException::forInvalidFile('front_end/profi...')
#1 C:\xampp\htdocs\jamdinthalib.datamikro\system\Common.php(1089): CodeIgniter\View\View->render('front_end/profi...', Array, true)
#2 C:\xampp\htdocs\jamdinthalib.datamikro\app\Controllers\Cetak.php(21): view('front_end/profi...')
#3 C:\xampp\htdocs\jamdinthalib.datamikro\system\CodeIgniter.php(832): App\Controllers\Cetak->cetak3()
#4 C:\xampp\htdocs\jamdinthalib.datamikro\system\CodeIgniter.php(419): CodeIgniter\CodeIgniter->runController(Object(App\Controllers\Cetak))
#5 C:\xampp\htdocs\jamdinthalib.datamikro\system\CodeIgniter.php(326): CodeIgniter\CodeIgniter->handleRequest(NULL, Object(Config\Cache), false)
#6 C:\xampp\htdocs\jamdinthalib.datamikro\public\index.php(37): CodeIgniter\CodeIgniter->run()
#7 C:\xampp\htdocs\jamdinthalib.datamikro\system\Commands\Server\rewrite.php(43): require_once('C:\\xampp\\htdocs...')
#8 {main}
CRITICAL - 2024-01-15 07:56:37 --> Invalid file: front_end/profil/print/1/1.php
#0 C:\xampp\htdocs\jamdinthalib.datamikro\system\View\View.php(198): CodeIgniter\Exceptions\FrameworkException::forInvalidFile('front_end/profi...')
#1 C:\xampp\htdocs\jamdinthalib.datamikro\system\Common.php(1089): CodeIgniter\View\View->render('front_end/profi...', Array, true)
#2 C:\xampp\htdocs\jamdinthalib.datamikro\app\Controllers\Cetak.php(13): view('front_end/profi...')
#3 C:\xampp\htdocs\jamdinthalib.datamikro\system\CodeIgniter.php(832): App\Controllers\Cetak->cetak1()
#4 C:\xampp\htdocs\jamdinthalib.datamikro\system\CodeIgniter.php(419): CodeIgniter\CodeIgniter->runController(Object(App\Controllers\Cetak))
#5 C:\xampp\htdocs\jamdinthalib.datamikro\system\CodeIgniter.php(326): CodeIgniter\CodeIgniter->handleRequest(NULL, Object(Config\Cache), false)
#6 C:\xampp\htdocs\jamdinthalib.datamikro\public\index.php(37): CodeIgniter\CodeIgniter->run()
#7 C:\xampp\htdocs\jamdinthalib.datamikro\system\Commands\Server\rewrite.php(43): require_once('C:\\xampp\\htdocs...')
#8 {main}
CRITICAL - 2024-01-15 07:58:24 --> Invalid file: front_end/profil/print/1/1.php
#0 C:\xampp\htdocs\jamdinthalib.datamikro\system\View\View.php(198): CodeIgniter\Exceptions\FrameworkException::forInvalidFile('front_end/profi...')
#1 C:\xampp\htdocs\jamdinthalib.datamikro\system\Common.php(1089): CodeIgniter\View\View->render('front_end/profi...', Array, true)
#2 C:\xampp\htdocs\jamdinthalib.datamikro\app\Controllers\Cetak.php(13): view('front_end/profi...')
#3 C:\xampp\htdocs\jamdinthalib.datamikro\system\CodeIgniter.php(832): App\Controllers\Cetak->cetak1()
#4 C:\xampp\htdocs\jamdinthalib.datamikro\system\CodeIgniter.php(419): CodeIgniter\CodeIgniter->runController(Object(App\Controllers\Cetak))
#5 C:\xampp\htdocs\jamdinthalib.datamikro\system\CodeIgniter.php(326): CodeIgniter\CodeIgniter->handleRequest(NULL, Object(Config\Cache), false)
#6 C:\xampp\htdocs\jamdinthalib.datamikro\public\index.php(37): CodeIgniter\CodeIgniter->run()
#7 C:\xampp\htdocs\jamdinthalib.datamikro\system\Commands\Server\rewrite.php(43): require_once('C:\\xampp\\htdocs...')
#8 {main}
CRITICAL - 2024-01-15 07:58:47 --> Invalid file: front_end/profil/print/1/1.php
#0 C:\xampp\htdocs\jamdinthalib.datamikro\system\View\View.php(198): CodeIgniter\Exceptions\FrameworkException::forInvalidFile('front_end/profi...')
#1 C:\xampp\htdocs\jamdinthalib.datamikro\system\Common.php(1089): CodeIgniter\View\View->render('front_end/profi...', Array, true)
#2 C:\xampp\htdocs\jamdinthalib.datamikro\app\Controllers\Cetak.php(13): view('front_end/profi...')
#3 C:\xampp\htdocs\jamdinthalib.datamikro\system\CodeIgniter.php(832): App\Controllers\Cetak->cetak1()
#4 C:\xampp\htdocs\jamdinthalib.datamikro\system\CodeIgniter.php(419): CodeIgniter\CodeIgniter->runController(Object(App\Controllers\Cetak))
#5 C:\xampp\htdocs\jamdinthalib.datamikro\system\CodeIgniter.php(326): CodeIgniter\CodeIgniter->handleRequest(NULL, Object(Config\Cache), false)
#6 C:\xampp\htdocs\jamdinthalib.datamikro\public\index.php(37): CodeIgniter\CodeIgniter->run()
#7 C:\xampp\htdocs\jamdinthalib.datamikro\system\Commands\Server\rewrite.php(43): require_once('C:\\xampp\\htdocs...')
#8 {main}
CRITICAL - 2024-01-15 08:02:30 --> Invalid file: front_end/profil/print/1/1.php
#0 C:\xampp\htdocs\jamdinthalib.datamikro\system\View\View.php(198): CodeIgniter\Exceptions\FrameworkException::forInvalidFile('front_end/profi...')
#1 C:\xampp\htdocs\jamdinthalib.datamikro\system\Common.php(1089): CodeIgniter\View\View->render('front_end/profi...', Array, true)
#2 C:\xampp\htdocs\jamdinthalib.datamikro\app\Controllers\Cetak.php(13): view('front_end/profi...')
#3 C:\xampp\htdocs\jamdinthalib.datamikro\system\CodeIgniter.php(832): App\Controllers\Cetak->cetak1()
#4 C:\xampp\htdocs\jamdinthalib.datamikro\system\CodeIgniter.php(419): CodeIgniter\CodeIgniter->runController(Object(App\Controllers\Cetak))
#5 C:\xampp\htdocs\jamdinthalib.datamikro\system\CodeIgniter.php(326): CodeIgniter\CodeIgniter->handleRequest(NULL, Object(Config\Cache), false)
#6 C:\xampp\htdocs\jamdinthalib.datamikro\public\index.php(37): CodeIgniter\CodeIgniter->run()
#7 C:\xampp\htdocs\jamdinthalib.datamikro\system\Commands\Server\rewrite.php(43): require_once('C:\\xampp\\htdocs...')
#8 {main}
CRITICAL - 2024-01-15 08:04:14 --> Invalid file: front_end/profil/print/1/1.php
#0 C:\xampp\htdocs\jamdinthalib.datamikro\system\View\View.php(198): CodeIgniter\Exceptions\FrameworkException::forInvalidFile('front_end/profi...')
#1 C:\xampp\htdocs\jamdinthalib.datamikro\system\Common.php(1089): CodeIgniter\View\View->render('front_end/profi...', Array, true)
#2 C:\xampp\htdocs\jamdinthalib.datamikro\app\Controllers\Cetak.php(13): view('front_end/profi...')
#3 C:\xampp\htdocs\jamdinthalib.datamikro\system\CodeIgniter.php(832): App\Controllers\Cetak->cetak1()
#4 C:\xampp\htdocs\jamdinthalib.datamikro\system\CodeIgniter.php(419): CodeIgniter\CodeIgniter->runController(Object(App\Controllers\Cetak))
#5 C:\xampp\htdocs\jamdinthalib.datamikro\system\CodeIgniter.php(326): CodeIgniter\CodeIgniter->handleRequest(NULL, Object(Config\Cache), false)
#6 C:\xampp\htdocs\jamdinthalib.datamikro\public\index.php(37): CodeIgniter\CodeIgniter->run()
#7 C:\xampp\htdocs\jamdinthalib.datamikro\system\Commands\Server\rewrite.php(43): require_once('C:\\xampp\\htdocs...')
#8 {main}
CRITICAL - 2024-01-15 08:05:33 --> Invalid file: front_end/profil/print/1/1.php
#0 C:\xampp\htdocs\jamdinthalib.datamikro\system\View\View.php(198): CodeIgniter\Exceptions\FrameworkException::forInvalidFile('front_end/profi...')
#1 C:\xampp\htdocs\jamdinthalib.datamikro\system\Common.php(1089): CodeIgniter\View\View->render('front_end/profi...', Array, true)
#2 C:\xampp\htdocs\jamdinthalib.datamikro\app\Controllers\Cetak.php(13): view('front_end/profi...')
#3 C:\xampp\htdocs\jamdinthalib.datamikro\system\CodeIgniter.php(832): App\Controllers\Cetak->cetak1()
#4 C:\xampp\htdocs\jamdinthalib.datamikro\system\CodeIgniter.php(419): CodeIgniter\CodeIgniter->runController(Object(App\Controllers\Cetak))
#5 C:\xampp\htdocs\jamdinthalib.datamikro\system\CodeIgniter.php(326): CodeIgniter\CodeIgniter->handleRequest(NULL, Object(Config\Cache), false)
#6 C:\xampp\htdocs\jamdinthalib.datamikro\public\index.php(37): CodeIgniter\CodeIgniter->run()
#7 C:\xampp\htdocs\jamdinthalib.datamikro\system\Commands\Server\rewrite.php(43): require_once('C:\\xampp\\htdocs...')
#8 {main}
CRITICAL - 2024-01-15 08:05:35 --> Invalid file: front_end/profil/print/1/1.php
#0 C:\xampp\htdocs\jamdinthalib.datamikro\system\View\View.php(198): CodeIgniter\Exceptions\FrameworkException::forInvalidFile('front_end/profi...')
#1 C:\xampp\htdocs\jamdinthalib.datamikro\system\Common.php(1089): CodeIgniter\View\View->render('front_end/profi...', Array, true)
#2 C:\xampp\htdocs\jamdinthalib.datamikro\app\Controllers\Cetak.php(13): view('front_end/profi...')
#3 C:\xampp\htdocs\jamdinthalib.datamikro\system\CodeIgniter.php(832): App\Controllers\Cetak->cetak1()
#4 C:\xampp\htdocs\jamdinthalib.datamikro\system\CodeIgniter.php(419): CodeIgniter\CodeIgniter->runController(Object(App\Controllers\Cetak))
#5 C:\xampp\htdocs\jamdinthalib.datamikro\system\CodeIgniter.php(326): CodeIgniter\CodeIgniter->handleRequest(NULL, Object(Config\Cache), false)
#6 C:\xampp\htdocs\jamdinthalib.datamikro\public\index.php(37): CodeIgniter\CodeIgniter->run()
#7 C:\xampp\htdocs\jamdinthalib.datamikro\system\Commands\Server\rewrite.php(43): require_once('C:\\xampp\\htdocs...')
#8 {main}
CRITICAL - 2024-01-15 08:06:47 --> Invalid file: front_end/profil/print/1/1.php
#0 C:\xampp\htdocs\jamdinthalib.datamikro\system\View\View.php(198): CodeIgniter\Exceptions\FrameworkException::forInvalidFile('front_end/profi...')
#1 C:\xampp\htdocs\jamdinthalib.datamikro\system\Common.php(1089): CodeIgniter\View\View->render('front_end/profi...', Array, true)
#2 C:\xampp\htdocs\jamdinthalib.datamikro\app\Controllers\Cetak.php(13): view('front_end/profi...')
#3 C:\xampp\htdocs\jamdinthalib.datamikro\system\CodeIgniter.php(832): App\Controllers\Cetak->cetak1()
#4 C:\xampp\htdocs\jamdinthalib.datamikro\system\CodeIgniter.php(419): CodeIgniter\CodeIgniter->runController(Object(App\Controllers\Cetak))
#5 C:\xampp\htdocs\jamdinthalib.datamikro\system\CodeIgniter.php(326): CodeIgniter\CodeIgniter->handleRequest(NULL, Object(Config\Cache), false)
#6 C:\xampp\htdocs\jamdinthalib.datamikro\public\index.php(37): CodeIgniter\CodeIgniter->run()
#7 C:\xampp\htdocs\jamdinthalib.datamikro\system\Commands\Server\rewrite.php(43): require_once('C:\\xampp\\htdocs...')
#8 {main}
CRITICAL - 2024-01-15 08:09:45 --> Invalid file: front_end/profil/print/1/1.php
#0 C:\xampp\htdocs\jamdinthalib.datamikro\system\View\View.php(198): CodeIgniter\Exceptions\FrameworkException::forInvalidFile('front_end/profi...')
#1 C:\xampp\htdocs\jamdinthalib.datamikro\system\Common.php(1089): CodeIgniter\View\View->render('front_end/profi...', Array, true)
#2 C:\xampp\htdocs\jamdinthalib.datamikro\app\Controllers\Cetak.php(13): view('front_end/profi...')
#3 C:\xampp\htdocs\jamdinthalib.datamikro\system\CodeIgniter.php(832): App\Controllers\Cetak->cetak1()
#4 C:\xampp\htdocs\jamdinthalib.datamikro\system\CodeIgniter.php(419): CodeIgniter\CodeIgniter->runController(Object(App\Controllers\Cetak))
#5 C:\xampp\htdocs\jamdinthalib.datamikro\system\CodeIgniter.php(326): CodeIgniter\CodeIgniter->handleRequest(NULL, Object(Config\Cache), false)
#6 C:\xampp\htdocs\jamdinthalib.datamikro\public\index.php(37): CodeIgniter\CodeIgniter->run()
#7 C:\xampp\htdocs\jamdinthalib.datamikro\system\Commands\Server\rewrite.php(43): require_once('C:\\xampp\\htdocs...')
#8 {main}
CRITICAL - 2024-01-15 08:09:53 --> Invalid file: front_end/profil/print/1/1.php
#0 C:\xampp\htdocs\jamdinthalib.datamikro\system\View\View.php(198): CodeIgniter\Exceptions\FrameworkException::forInvalidFile('front_end/profi...')
#1 C:\xampp\htdocs\jamdinthalib.datamikro\system\Common.php(1089): CodeIgniter\View\View->render('front_end/profi...', Array, true)
#2 C:\xampp\htdocs\jamdinthalib.datamikro\app\Controllers\Cetak.php(13): view('front_end/profi...')
#3 C:\xampp\htdocs\jamdinthalib.datamikro\system\CodeIgniter.php(832): App\Controllers\Cetak->cetak1()
#4 C:\xampp\htdocs\jamdinthalib.datamikro\system\CodeIgniter.php(419): CodeIgniter\CodeIgniter->runController(Object(App\Controllers\Cetak))
#5 C:\xampp\htdocs\jamdinthalib.datamikro\system\CodeIgniter.php(326): CodeIgniter\CodeIgniter->handleRequest(NULL, Object(Config\Cache), false)
#6 C:\xampp\htdocs\jamdinthalib.datamikro\public\index.php(37): CodeIgniter\CodeIgniter->run()
#7 C:\xampp\htdocs\jamdinthalib.datamikro\system\Commands\Server\rewrite.php(43): require_once('C:\\xampp\\htdocs...')
#8 {main}
